2019-09-28 12:23:42,534   /usr/lib/octoprint/bin/python2 -m pip --disable-pip-version-check install https://github.com/StefanCohen/OctoPrint-Dashboard/archive/master.zip --no-cache-dir
2019-09-28 12:23:47,951 > Collecting https://github.com/StefanCohen/OctoPrint-Dashboard/archive/master.zip
2019-09-28 12:23:49,271 > Downloading https://github.com/StefanCohen/OctoPrint-Dashboard/archive/master.zip
2019-09-28 12:23:53,595 > Requirement already satisfied: OctoPrint in /usr/lib/octoprint/lib/python2.7/site-packages (from OctoPrint-Dashboard==1.5.1) (1.3.11)
2019-09-28 12:23:56,605 > Requirement already satisfied: psutil in /usr/lib/octoprint/lib/python2.7/site-packages (from OctoPrint-Dashboard==1.5.1) (5.6.3)
2019-09-28 12:23:56,607 > Requirement already satisfied: flask<0.11,>=0.10.1 in /usr/lib/python2.7/site-packages (from OctoPrint->OctoPrint-Dashboard==1.5.1) (0.10.1)
2019-09-28 12:23:56,607 > Requirement already satisfied: Jinja2<2.9,>=2.8.1 in /usr/lib/octoprint/lib/python2.7/site-packages (from OctoPrint->OctoPrint-Dashboard==1.5.1) (2.8.1)
2019-09-28 12:23:56,608 > Requirement already satisfied: tornado==4.5.3 in /usr/lib/octoprint/lib/python2.7/site-packages (from OctoPrint->OctoPrint-Dashboard==1.5.1) (4.5.3)
2019-09-28 12:23:56,609 > Requirement already satisfied: Flask-Login<0.3,>=0.2.11 in /usr/lib/python2.7/site-packages (from OctoPrint->OctoPrint-Dashboard==1.5.1) (0.2.11)
2019-09-28 12:23:56,609 > Requirement already satisfied: regex!=2018.11.6 in /usr/lib/python2.7/site-packages (from OctoPrint->OctoPrint-Dashboard==1.5.1) (2016.7.21)
2019-09-28 12:23:56,610 > Requirement already satisfied: Flask-Principal<0.5,>=0.4 in /usr/lib/octoprint/lib/python2.7/site-packages (from OctoPrint->OctoPrint-Dashboard==1.5.1) (0.4.0)
2019-09-28 12:23:56,611 > Requirement already satisfied: Flask-Babel<0.13,>=0.12 in /usr/lib/octoprint/lib/python2.7/site-packages (from OctoPrint->OctoPrint-Dashboard==1.5.1) (0.12.2)
2019-09-28 12:23:56,611 > Requirement already satisfied: Flask-Assets<0.13,>=0.12 in /usr/lib/octoprint/lib/python2.7/site-packages (from OctoPrint->OctoPrint-Dashboard==1.5.1) (0.12)
2019-09-28 12:23:56,612 > Requirement already satisfied: werkzeug<0.16,>=0.15.1 in /usr/lib/octoprint/lib/python2.7/site-packages (from OctoPrint->OctoPrint-Dashboard==1.5.1) (0.15.6)
2019-09-28 12:23:56,613 > Requirement already satisfied: cachelib<0.2,>=0.1 in /usr/lib/octoprint/lib/python2.7/site-packages (from OctoPrint->OctoPrint-Dashboard==1.5.1) (0.1)
2019-09-28 12:23:56,614 > Requirement already satisfied: PyYAML<6,>=5.1 in /usr/lib/octoprint/lib/python2.7/site-packages (from OctoPrint->OctoPrint-Dashboard==1.5.1) (5.1.2)
2019-09-28 12:23:56,614 > Requirement already satisfied: markdown<3.1,>=3.0 in /usr/lib/octoprint/lib/python2.7/site-packages (from OctoPrint->OctoPrint-Dashboard==1.5.1) (3.0.1)
2019-09-28 12:23:56,615 > Requirement already satisfied: pyserial<3.5,>=3.4 in /usr/lib/octoprint/lib/python2.7/site-packages (from OctoPrint->OctoPrint-Dashboard==1.5.1) (3.4)
2019-09-28 12:23:56,616 > Requirement already satisfied: netaddr<0.8,>=0.7.19 in /usr/lib/octoprint/lib/python2.7/site-packages (from OctoPrint->OctoPrint-Dashboard==1.5.1) (0.7.19)
2019-09-28 12:23:56,616 > Requirement already satisfied: watchdog<0.10,>=0.9.0 in /usr/lib/octoprint/lib/python2.7/site-packages (from OctoPrint->OctoPrint-Dashboard==1.5.1) (0.9.0)
2019-09-28 12:23:56,617 > Requirement already satisfied: sarge==0.1.5post0 in /usr/lib/octoprint/lib/python2.7/site-packages (from OctoPrint->OctoPrint-Dashboard==1.5.1) (0.1.5.post0)
2019-09-28 12:23:56,618 > Requirement already satisfied: netifaces<0.11,>=0.10.9 in /usr/lib/python2.7/site-packages (from OctoPrint->OctoPrint-Dashboard==1.5.1) (0.10.9)
2019-09-28 12:23:56,618 > Requirement already satisfied: pylru<1.3,>=1.2 in /usr/lib/octoprint/lib/python2.7/site-packages (from OctoPrint->OctoPrint-Dashboard==1.5.1) (1.2.0)
2019-09-28 12:23:56,619 > Requirement already satisfied: rsa<5,>=4.0 in /usr/lib/octoprint/lib/python2.7/site-packages (from OctoPrint->OctoPrint-Dashboard==1.5.1) (4.0)
2019-09-28 12:23:56,620 > Requirement already satisfied: pkginfo<1.6,>=1.5.0.1 in /usr/lib/octoprint/lib/python2.7/site-packages (from OctoPrint->OctoPrint-Dashboard==1.5.1) (1.5.0.1)
2019-09-28 12:23:56,621 > Requirement already satisfied: requests<3,>=2.21.0 in /usr/lib/octoprint/lib/python2.7/site-packages (from OctoPrint->OctoPrint-Dashboard==1.5.1) (2.22.0)
2019-09-28 12:23:56,621 > Requirement already satisfied: semantic_version<2.7,>=2.6 in /usr/lib/octoprint/lib/python2.7/site-packages (from OctoPrint->OctoPrint-Dashboard==1.5.1) (2.6.0)
2019-09-28 12:23:56,622 > Requirement already satisfied: Click<8,>=7 in /usr/lib/octoprint/lib/python2.7/site-packages (from OctoPrint->OctoPrint-Dashboard==1.5.1) (7.0)
2019-09-28 12:23:56,623 > Requirement already satisfied: awesome-slugify<1.7,>=1.6.5 in /usr/lib/python2.7/site-packages (from OctoPrint->OctoPrint-Dashboard==1.5.1) (1.6.5)
2019-09-28 12:23:56,623 > Requirement already satisfied: feedparser<5.3,>=5.2.1 in /usr/lib/python2.7/site-packages (from OctoPrint->OctoPrint-Dashboard==1.5.1) (5.2.1)
2019-09-28 12:23:56,624 > Requirement already satisfied: chainmap<1.1,>=1.0.3 in /usr/lib/octoprint/lib/python2.7/site-packages (from OctoPrint->OctoPrint-Dashboard==1.5.1) (1.0.3)
2019-09-28 12:23:56,625 > Requirement already satisfied: future<0.18,>=0.17.1 in /usr/lib/octoprint/lib/python2.7/site-packages (from OctoPrint->OctoPrint-Dashboard==1.5.1) (0.17.1)
2019-09-28 12:23:56,625 > Requirement already satisfied: scandir<1.11,>=1.10 in /usr/lib/octoprint/lib/python2.7/site-packages (from OctoPrint->OctoPrint-Dashboard==1.5.1) (1.10.0)
2019-09-28 12:23:56,626 > Requirement already satisfied: websocket-client<0.57,>=0.56 in /usr/lib/octoprint/lib/python2.7/site-packages (from OctoPrint->OctoPrint-Dashboard==1.5.1) (0.56.0)
2019-09-28 12:23:56,627 > Requirement already satisfied: wrapt<1.12,>=1.11.1 in /usr/lib/octoprint/lib/python2.7/site-packages (from OctoPrint->OctoPrint-Dashboard==1.5.1) (1.11.2)
2019-09-28 12:23:56,627 > Requirement already satisfied: futures<3.3,>=3.2 in /usr/lib/octoprint/lib/python2.7/site-packages (from OctoPrint->OctoPrint-Dashboard==1.5.1) (3.2.0)
2019-09-28 12:23:56,628 > Requirement already satisfied: emoji<0.6,>=0.5.1 in /usr/lib/octoprint/lib/python2.7/site-packages (from OctoPrint->OctoPrint-Dashboard==1.5.1) (0.5.4)
2019-09-28 12:23:56,629 > Requirement already satisfied: monotonic<1.6,>=1.5 in /usr/lib/octoprint/lib/python2.7/site-packages (from OctoPrint->OctoPrint-Dashboard==1.5.1) (1.5)
2019-09-28 12:23:56,630 > Requirement already satisfied: frozendict<1.3,>=1.2 in /usr/lib/python2.7/site-packages (from OctoPrint->OctoPrint-Dashboard==1.5.1) (1.2)
2019-09-28 12:23:56,631 > Requirement already satisfied: sentry-sdk==0.7.7 in /usr/lib/octoprint/lib/python2.7/site-packages (from OctoPrint->OctoPrint-Dashboard==1.5.1) (0.7.7)
2019-09-28 12:23:56,631 > Requirement already satisfied: typing<4,>=3.6.6 in /usr/lib/octoprint/lib/python2.7/site-packages (from OctoPrint->OctoPrint-Dashboard==1.5.1) (3.7.4.1)
2019-09-28 12:23:56,632 > Requirement already satisfied: itsdangerous>=0.21 in /usr/lib/python2.7/site-packages (from flask<0.11,>=0.10.1->OctoPrint->OctoPrint-Dashboard==1.5.1) (0.24)
2019-09-28 12:23:56,633 > Requirement already satisfied: MarkupSafe in /usr/lib/python2.7/site-packages (from Jinja2<2.9,>=2.8.1->OctoPrint->OctoPrint-Dashboard==1.5.1) (0.23)
2019-09-28 12:23:56,633 > Requirement already satisfied: singledispatch in /usr/lib/python2.7/site-packages (from tornado==4.5.3->OctoPrint->OctoPrint-Dashboard==1.5.1) (3.4.0.3)
2019-09-28 12:23:56,634 > Requirement already satisfied: certifi in /usr/lib/python2.7/site-packages (from tornado==4.5.3->OctoPrint->OctoPrint-Dashboard==1.5.1) (2019.6.16)
2019-09-28 12:23:56,635 > Requirement already satisfied: backports_abc>=0.4 in /usr/lib/python2.7/site-packages (from tornado==4.5.3->OctoPrint->OctoPrint-Dashboard==1.5.1) (0.4)
2019-09-28 12:23:56,635 > Requirement already satisfied: blinker in /usr/lib/python2.7/site-packages (from Flask-Principal<0.5,>=0.4->OctoPrint->OctoPrint-Dashboard==1.5.1) (1.4)
2019-09-28 12:23:56,636 > Requirement already satisfied: Babel>=2.3 in /usr/lib/python2.7/site-packages (from Flask-Babel<0.13,>=0.12->OctoPrint->OctoPrint-Dashboard==1.5.1) (2.3.4)
2019-09-28 12:23:56,637 > Requirement already satisfied: webassets>=0.11.1 in /usr/lib/python2.7/site-packages (from Flask-Assets<0.13,>=0.12->OctoPrint->OctoPrint-Dashboard==1.5.1) (0.11.1)
2019-09-28 12:23:56,637 > Requirement already satisfied: argh>=0.24.1 in /usr/lib/python2.7/site-packages (from watchdog<0.10,>=0.9.0->OctoPrint->OctoPrint-Dashboard==1.5.1) (0.26.2)
2019-09-28 12:23:56,638 > Requirement already satisfied: pathtools>=0.1.1 in /usr/lib/python2.7/site-packages (from watchdog<0.10,>=0.9.0->OctoPrint->OctoPrint-Dashboard==1.5.1) (0.1.2)
2019-09-28 12:23:56,639 > Requirement already satisfied: pyasn1>=0.1.3 in /usr/lib/python2.7/site-packages (from rsa<5,>=4.0->OctoPrint->OctoPrint-Dashboard==1.5.1) (0.1.9)
2019-09-28 12:23:56,639 > Requirement already satisfied: chardet<3.1.0,>=3.0.2 in /usr/lib/octoprint/lib/python2.7/site-packages (from requests<3,>=2.21.0->OctoPrint->OctoPrint-Dashboard==1.5.1) (3.0.4)
2019-09-28 12:23:56,640 > Requirement already satisfied: idna<2.9,>=2.5 in /usr/lib/python2.7/site-packages (from requests<3,>=2.21.0->OctoPrint->OctoPrint-Dashboard==1.5.1) (2.8)
2019-09-28 12:23:56,641 > Requirement already satisfied: urllib3!=1.25.0,!=1.25.1,<1.26,>=1.21.1 in /usr/lib/octoprint/lib/python2.7/site-packages (from requests<3,>=2.21.0->OctoPrint->OctoPrint-Dashboard==1.5.1) (1.25.6)
2019-09-28 12:23:56,641 > Requirement already satisfied: Unidecode<0.05,>=0.04.14 in /usr/lib/python2.7/site-packages (from awesome-slugify<1.7,>=1.6.5->OctoPrint->OctoPrint-Dashboard==1.5.1) (0.4.19)
2019-09-28 12:23:56,642 > Requirement already satisfied: six in /usr/lib/python2.7/site-packages (from websocket-client<0.57,>=0.56->OctoPrint->OctoPrint-Dashboard==1.5.1) (1.10.0)
2019-09-28 12:23:56,643 > Requirement already satisfied: backports.ssl_match_hostname in /usr/lib/python2.7/site-packages (from websocket-client<0.57,>=0.56->OctoPrint->OctoPrint-Dashboard==1.5.1) (3.7.0.1)
2019-09-28 12:23:56,643 > Requirement already satisfied: pytz>=0a in /usr/lib/python2.7/site-packages (from Babel>=2.3->Flask-Babel<0.13,>=0.12->OctoPrint->OctoPrint-Dashboard==1.5.1) (2016.6.1)
2019-09-28 12:23:56,644 > Installing collected packages: OctoPrint-Dashboard
2019-09-28 12:23:56,645 > Running setup.py install for OctoPrint-Dashboard: started
2019-09-28 12:24:00,030 > Running setup.py install for OctoPrint-Dashboard: finished with status 'done'
2019-09-28 12:24:00,031 > Successfully installed OctoPrint-Dashboard-1.5.1
2019-09-28 12:24:13,441   /usr/lib/octoprint/bin/python2 -m pip --disable-pip-version-check install https://github.com/birkbjo/OctoPrint-Themeify/archive/master.zip --no-cache-dir
2019-09-28 12:24:18,806 > Collecting https://github.com/birkbjo/OctoPrint-Themeify/archive/master.zip
2019-09-28 12:24:20,025 > Downloading https://github.com/birkbjo/OctoPrint-Themeify/archive/master.zip
2019-09-28 12:24:24,247 > Requirement already satisfied: OctoPrint in /usr/lib/octoprint/lib/python2.7/site-packages (from Themeify==1.2.0) (1.3.11)
2019-09-28 12:24:27,262 > Requirement already satisfied: flask<0.11,>=0.10.1 in /usr/lib/python2.7/site-packages (from OctoPrint->Themeify==1.2.0) (0.10.1)
2019-09-28 12:24:27,263 > Requirement already satisfied: Jinja2<2.9,>=2.8.1 in /usr/lib/octoprint/lib/python2.7/site-packages (from OctoPrint->Themeify==1.2.0) (2.8.1)
2019-09-28 12:24:27,264 > Requirement already satisfied: tornado==4.5.3 in /usr/lib/octoprint/lib/python2.7/site-packages (from OctoPrint->Themeify==1.2.0) (4.5.3)
2019-09-28 12:24:27,265 > Requirement already satisfied: Flask-Login<0.3,>=0.2.11 in /usr/lib/python2.7/site-packages (from OctoPrint->Themeify==1.2.0) (0.2.11)
2019-09-28 12:24:27,266 > Requirement already satisfied: regex!=2018.11.6 in /usr/lib/python2.7/site-packages (from OctoPrint->Themeify==1.2.0) (2016.7.21)
2019-09-28 12:24:27,266 > Requirement already satisfied: Flask-Principal<0.5,>=0.4 in /usr/lib/octoprint/lib/python2.7/site-packages (from OctoPrint->Themeify==1.2.0) (0.4.0)
2019-09-28 12:24:27,267 > Requirement already satisfied: Flask-Babel<0.13,>=0.12 in /usr/lib/octoprint/lib/python2.7/site-packages (from OctoPrint->Themeify==1.2.0) (0.12.2)
2019-09-28 12:24:27,268 > Requirement already satisfied: Flask-Assets<0.13,>=0.12 in /usr/lib/octoprint/lib/python2.7/site-packages (from OctoPrint->Themeify==1.2.0) (0.12)
2019-09-28 12:24:27,269 > Requirement already satisfied: werkzeug<0.16,>=0.15.1 in /usr/lib/octoprint/lib/python2.7/site-packages (from OctoPrint->Themeify==1.2.0) (0.15.6)
2019-09-28 12:24:27,269 > Requirement already satisfied: cachelib<0.2,>=0.1 in /usr/lib/octoprint/lib/python2.7/site-packages (from OctoPrint->Themeify==1.2.0) (0.1)
2019-09-28 12:24:27,270 > Requirement already satisfied: PyYAML<6,>=5.1 in /usr/lib/octoprint/lib/python2.7/site-packages (from OctoPrint->Themeify==1.2.0) (5.1.2)
2019-09-28 12:24:27,271 > Requirement already satisfied: markdown<3.1,>=3.0 in /usr/lib/octoprint/lib/python2.7/site-packages (from OctoPrint->Themeify==1.2.0) (3.0.1)
2019-09-28 12:24:27,272 > Requirement already satisfied: pyserial<3.5,>=3.4 in /usr/lib/octoprint/lib/python2.7/site-packages (from OctoPrint->Themeify==1.2.0) (3.4)
2019-09-28 12:24:27,272 > Requirement already satisfied: netaddr<0.8,>=0.7.19 in /usr/lib/octoprint/lib/python2.7/site-packages (from OctoPrint->Themeify==1.2.0) (0.7.19)
2019-09-28 12:24:27,273 > Requirement already satisfied: watchdog<0.10,>=0.9.0 in /usr/lib/octoprint/lib/python2.7/site-packages (from OctoPrint->Themeify==1.2.0) (0.9.0)
2019-09-28 12:24:27,274 > Requirement already satisfied: sarge==0.1.5post0 in /usr/lib/octoprint/lib/python2.7/site-packages (from OctoPrint->Themeify==1.2.0) (0.1.5.post0)
2019-09-28 12:24:27,275 > Requirement already satisfied: netifaces<0.11,>=0.10.9 in /usr/lib/python2.7/site-packages (from OctoPrint->Themeify==1.2.0) (0.10.9)
2019-09-28 12:24:27,275 > Requirement already satisfied: pylru<1.3,>=1.2 in /usr/lib/octoprint/lib/python2.7/site-packages (from OctoPrint->Themeify==1.2.0) (1.2.0)
2019-09-28 12:24:27,276 > Requirement already satisfied: rsa<5,>=4.0 in /usr/lib/octoprint/lib/python2.7/site-packages (from OctoPrint->Themeify==1.2.0) (4.0)
2019-09-28 12:24:27,277 > Requirement already satisfied: pkginfo<1.6,>=1.5.0.1 in /usr/lib/octoprint/lib/python2.7/site-packages (from OctoPrint->Themeify==1.2.0) (1.5.0.1)
2019-09-28 12:24:27,277 > Requirement already satisfied: requests<3,>=2.21.0 in /usr/lib/octoprint/lib/python2.7/site-packages (from OctoPrint->Themeify==1.2.0) (2.22.0)
2019-09-28 12:24:27,278 > Requirement already satisfied: semantic_version<2.7,>=2.6 in /usr/lib/octoprint/lib/python2.7/site-packages (from OctoPrint->Themeify==1.2.0) (2.6.0)
2019-09-28 12:24:27,278 > Requirement already satisfied: psutil<5.7,>=5.6.1 in /usr/lib/octoprint/lib/python2.7/site-packages (from OctoPrint->Themeify==1.2.0) (5.6.3)
2019-09-28 12:24:27,279 > Requirement already satisfied: Click<8,>=7 in /usr/lib/octoprint/lib/python2.7/site-packages (from OctoPrint->Themeify==1.2.0) (7.0)
2019-09-28 12:24:27,280 > Requirement already satisfied: awesome-slugify<1.7,>=1.6.5 in /usr/lib/python2.7/site-packages (from OctoPrint->Themeify==1.2.0) (1.6.5)
2019-09-28 12:24:27,280 > Requirement already satisfied: feedparser<5.3,>=5.2.1 in /usr/lib/python2.7/site-packages (from OctoPrint->Themeify==1.2.0) (5.2.1)
2019-09-28 12:24:27,281 > Requirement already satisfied: chainmap<1.1,>=1.0.3 in /usr/lib/octoprint/lib/python2.7/site-packages (from OctoPrint->Themeify==1.2.0) (1.0.3)
2019-09-28 12:24:27,282 > Requirement already satisfied: future<0.18,>=0.17.1 in /usr/lib/octoprint/lib/python2.7/site-packages (from OctoPrint->Themeify==1.2.0) (0.17.1)
2019-09-28 12:24:27,282 > Requirement already satisfied: scandir<1.11,>=1.10 in /usr/lib/octoprint/lib/python2.7/site-packages (from OctoPrint->Themeify==1.2.0) (1.10.0)
2019-09-28 12:24:27,283 > Requirement already satisfied: websocket-client<0.57,>=0.56 in /usr/lib/octoprint/lib/python2.7/site-packages (from OctoPrint->Themeify==1.2.0) (0.56.0)
2019-09-28 12:24:27,284 > Requirement already satisfied: wrapt<1.12,>=1.11.1 in /usr/lib/octoprint/lib/python2.7/site-packages (from OctoPrint->Themeify==1.2.0) (1.11.2)
2019-09-28 12:24:27,284 > Requirement already satisfied: futures<3.3,>=3.2 in /usr/lib/octoprint/lib/python2.7/site-packages (from OctoPrint->Themeify==1.2.0) (3.2.0)
2019-09-28 12:24:27,285 > Requirement already satisfied: emoji<0.6,>=0.5.1 in /usr/lib/octoprint/lib/python2.7/site-packages (from OctoPrint->Themeify==1.2.0) (0.5.4)
2019-09-28 12:24:27,286 > Requirement already satisfied: monotonic<1.6,>=1.5 in /usr/lib/octoprint/lib/python2.7/site-packages (from OctoPrint->Themeify==1.2.0) (1.5)
2019-09-28 12:24:27,286 > Requirement already satisfied: frozendict<1.3,>=1.2 in /usr/lib/python2.7/site-packages (from OctoPrint->Themeify==1.2.0) (1.2)
2019-09-28 12:24:27,287 > Requirement already satisfied: sentry-sdk==0.7.7 in /usr/lib/octoprint/lib/python2.7/site-packages (from OctoPrint->Themeify==1.2.0) (0.7.7)
2019-09-28 12:24:27,288 > Requirement already satisfied: typing<4,>=3.6.6 in /usr/lib/octoprint/lib/python2.7/site-packages (from OctoPrint->Themeify==1.2.0) (3.7.4.1)
2019-09-28 12:24:27,289 > Requirement already satisfied: itsdangerous>=0.21 in /usr/lib/python2.7/site-packages (from flask<0.11,>=0.10.1->OctoPrint->Themeify==1.2.0) (0.24)
2019-09-28 12:24:27,290 > Requirement already satisfied: MarkupSafe in /usr/lib/python2.7/site-packages (from Jinja2<2.9,>=2.8.1->OctoPrint->Themeify==1.2.0) (0.23)
2019-09-28 12:24:27,290 > Requirement already satisfied: singledispatch in /usr/lib/python2.7/site-packages (from tornado==4.5.3->OctoPrint->Themeify==1.2.0) (3.4.0.3)
2019-09-28 12:24:27,291 > Requirement already satisfied: certifi in /usr/lib/python2.7/site-packages (from tornado==4.5.3->OctoPrint->Themeify==1.2.0) (2019.6.16)
2019-09-28 12:24:27,292 > Requirement already satisfied: backports_abc>=0.4 in /usr/lib/python2.7/site-packages (from tornado==4.5.3->OctoPrint->Themeify==1.2.0) (0.4)
2019-09-28 12:24:27,293 > Requirement already satisfied: blinker in /usr/lib/python2.7/site-packages (from Flask-Principal<0.5,>=0.4->OctoPrint->Themeify==1.2.0) (1.4)
2019-09-28 12:24:27,294 > Requirement already satisfied: Babel>=2.3 in /usr/lib/python2.7/site-packages (from Flask-Babel<0.13,>=0.12->OctoPrint->Themeify==1.2.0) (2.3.4)
2019-09-28 12:24:27,294 > Requirement already satisfied: webassets>=0.11.1 in /usr/lib/python2.7/site-packages (from Flask-Assets<0.13,>=0.12->OctoPrint->Themeify==1.2.0) (0.11.1)
2019-09-28 12:24:27,295 > Requirement already satisfied: argh>=0.24.1 in /usr/lib/python2.7/site-packages (from watchdog<0.10,>=0.9.0->OctoPrint->Themeify==1.2.0) (0.26.2)
2019-09-28 12:24:27,296 > Requirement already satisfied: pathtools>=0.1.1 in /usr/lib/python2.7/site-packages (from watchdog<0.10,>=0.9.0->OctoPrint->Themeify==1.2.0) (0.1.2)
2019-09-28 12:24:27,298 > Requirement already satisfied: pyasn1>=0.1.3 in /usr/lib/python2.7/site-packages (from rsa<5,>=4.0->OctoPrint->Themeify==1.2.0) (0.1.9)
2019-09-28 12:24:27,299 > Requirement already satisfied: chardet<3.1.0,>=3.0.2 in /usr/lib/octoprint/lib/python2.7/site-packages (from requests<3,>=2.21.0->OctoPrint->Themeify==1.2.0) (3.0.4)
2019-09-28 12:24:27,300 > Requirement already satisfied: idna<2.9,>=2.5 in /usr/lib/python2.7/site-packages (from requests<3,>=2.21.0->OctoPrint->Themeify==1.2.0) (2.8)
2019-09-28 12:24:27,301 > Requirement already satisfied: urllib3!=1.25.0,!=1.25.1,<1.26,>=1.21.1 in /usr/lib/octoprint/lib/python2.7/site-packages (from requests<3,>=2.21.0->OctoPrint->Themeify==1.2.0) (1.25.6)
2019-09-28 12:24:27,302 > Requirement already satisfied: Unidecode<0.05,>=0.04.14 in /usr/lib/python2.7/site-packages (from awesome-slugify<1.7,>=1.6.5->OctoPrint->Themeify==1.2.0) (0.4.19)
2019-09-28 12:24:27,313 > Requirement already satisfied: six in /usr/lib/python2.7/site-packages (from websocket-client<0.57,>=0.56->OctoPrint->Themeify==1.2.0) (1.10.0)
2019-09-28 12:24:27,314 > Requirement already satisfied: backports.ssl_match_hostname in /usr/lib/python2.7/site-packages (from websocket-client<0.57,>=0.56->OctoPrint->Themeify==1.2.0) (3.7.0.1)
2019-09-28 12:24:27,316 > Requirement already satisfied: pytz>=0a in /usr/lib/python2.7/site-packages (from Babel>=2.3->Flask-Babel<0.13,>=0.12->OctoPrint->Themeify==1.2.0) (2016.6.1)
2019-09-28 12:24:27,317 > Installing collected packages: Themeify
2019-09-28 12:24:27,318 > Running setup.py install for Themeify: started
2019-09-28 12:24:30,703 > Running setup.py install for Themeify: finished with status 'done'
2019-09-28 12:24:30,705 > Successfully installed Themeify-1.2.0
2019-09-28 13:17:36,705   /usr/lib/octoprint/bin/python2 -m pip --disable-pip-version-check install https://github.com/OllisGit/OctoPrint-DisplayLayerProgress/releases/latest/download/master.zip --no-cache-dir
2019-09-28 13:17:42,172 > Collecting https://github.com/OllisGit/OctoPrint-DisplayLayerProgress/releases/latest/download/master.zip
2019-09-28 13:17:43,492 > Downloading https://github.com/OllisGit/OctoPrint-DisplayLayerProgress/releases/latest/download/master.zip (334kB)
2019-09-28 13:17:47,664 > Requirement already satisfied: OctoPrint in /usr/lib/octoprint/lib/python2.7/site-packages (from DisplayLayerProgress==1.13.0) (1.3.11)
2019-09-28 13:17:50,988 > Requirement already satisfied: flask<0.11,>=0.10.1 in /usr/lib/python2.7/site-packages (from OctoPrint->DisplayLayerProgress==1.13.0) (0.10.1)
2019-09-28 13:17:50,989 > Requirement already satisfied: Jinja2<2.9,>=2.8.1 in /usr/lib/octoprint/lib/python2.7/site-packages (from OctoPrint->DisplayLayerProgress==1.13.0) (2.8.1)
2019-09-28 13:17:50,990 > Requirement already satisfied: tornado==4.5.3 in /usr/lib/octoprint/lib/python2.7/site-packages (from OctoPrint->DisplayLayerProgress==1.13.0) (4.5.3)
2019-09-28 13:17:50,991 > Requirement already satisfied: Flask-Login<0.3,>=0.2.11 in /usr/lib/python2.7/site-packages (from OctoPrint->DisplayLayerProgress==1.13.0) (0.2.11)
2019-09-28 13:17:50,991 > Requirement already satisfied: regex!=2018.11.6 in /usr/lib/python2.7/site-packages (from OctoPrint->DisplayLayerProgress==1.13.0) (2016.7.21)
2019-09-28 13:17:50,992 > Requirement already satisfied: Flask-Principal<0.5,>=0.4 in /usr/lib/octoprint/lib/python2.7/site-packages (from OctoPrint->DisplayLayerProgress==1.13.0) (0.4.0)
2019-09-28 13:17:50,993 > Requirement already satisfied: Flask-Babel<0.13,>=0.12 in /usr/lib/octoprint/lib/python2.7/site-packages (from OctoPrint->DisplayLayerProgress==1.13.0) (0.12.2)
2019-09-28 13:17:50,993 > Requirement already satisfied: Flask-Assets<0.13,>=0.12 in /usr/lib/octoprint/lib/python2.7/site-packages (from OctoPrint->DisplayLayerProgress==1.13.0) (0.12)
2019-09-28 13:17:50,994 > Requirement already satisfied: werkzeug<0.16,>=0.15.1 in /usr/lib/octoprint/lib/python2.7/site-packages (from OctoPrint->DisplayLayerProgress==1.13.0) (0.15.6)
2019-09-28 13:17:50,994 > Requirement already satisfied: cachelib<0.2,>=0.1 in /usr/lib/octoprint/lib/python2.7/site-packages (from OctoPrint->DisplayLayerProgress==1.13.0) (0.1)
2019-09-28 13:17:50,995 > Requirement already satisfied: PyYAML<6,>=5.1 in /usr/lib/octoprint/lib/python2.7/site-packages (from OctoPrint->DisplayLayerProgress==1.13.0) (5.1.2)
2019-09-28 13:17:50,995 > Requirement already satisfied: markdown<3.1,>=3.0 in /usr/lib/octoprint/lib/python2.7/site-packages (from OctoPrint->DisplayLayerProgress==1.13.0) (3.0.1)
2019-09-28 13:17:50,996 > Requirement already satisfied: pyserial<3.5,>=3.4 in /usr/lib/octoprint/lib/python2.7/site-packages (from OctoPrint->DisplayLayerProgress==1.13.0) (3.4)
2019-09-28 13:17:50,997 > Requirement already satisfied: netaddr<0.8,>=0.7.19 in /usr/lib/octoprint/lib/python2.7/site-packages (from OctoPrint->DisplayLayerProgress==1.13.0) (0.7.19)
2019-09-28 13:17:50,997 > Requirement already satisfied: watchdog<0.10,>=0.9.0 in /usr/lib/octoprint/lib/python2.7/site-packages (from OctoPrint->DisplayLayerProgress==1.13.0) (0.9.0)
2019-09-28 13:17:50,998 > Requirement already satisfied: sarge==0.1.5post0 in /usr/lib/octoprint/lib/python2.7/site-packages (from OctoPrint->DisplayLayerProgress==1.13.0) (0.1.5.post0)
2019-09-28 13:17:50,999 > Requirement already satisfied: netifaces<0.11,>=0.10.9 in /usr/lib/python2.7/site-packages (from OctoPrint->DisplayLayerProgress==1.13.0) (0.10.9)
2019-09-28 13:17:50,999 > Requirement already satisfied: pylru<1.3,>=1.2 in /usr/lib/octoprint/lib/python2.7/site-packages (from OctoPrint->DisplayLayerProgress==1.13.0) (1.2.0)
2019-09-28 13:17:51,000 > Requirement already satisfied: rsa<5,>=4.0 in /usr/lib/octoprint/lib/python2.7/site-packages (from OctoPrint->DisplayLayerProgress==1.13.0) (4.0)
2019-09-28 13:17:51,001 > Requirement already satisfied: pkginfo<1.6,>=1.5.0.1 in /usr/lib/octoprint/lib/python2.7/site-packages (from OctoPrint->DisplayLayerProgress==1.13.0) (1.5.0.1)
2019-09-28 13:17:51,002 > Requirement already satisfied: requests<3,>=2.21.0 in /usr/lib/octoprint/lib/python2.7/site-packages (from OctoPrint->DisplayLayerProgress==1.13.0) (2.22.0)
2019-09-28 13:17:51,002 > Requirement already satisfied: semantic_version<2.7,>=2.6 in /usr/lib/octoprint/lib/python2.7/site-packages (from OctoPrint->DisplayLayerProgress==1.13.0) (2.6.0)
2019-09-28 13:17:51,003 > Requirement already satisfied: psutil<5.7,>=5.6.1 in /usr/lib/octoprint/lib/python2.7/site-packages (from OctoPrint->DisplayLayerProgress==1.13.0) (5.6.3)
2019-09-28 13:17:51,004 > Requirement already satisfied: Click<8,>=7 in /usr/lib/octoprint/lib/python2.7/site-packages (from OctoPrint->DisplayLayerProgress==1.13.0) (7.0)
2019-09-28 13:17:51,004 > Requirement already satisfied: awesome-slugify<1.7,>=1.6.5 in /usr/lib/python2.7/site-packages (from OctoPrint->DisplayLayerProgress==1.13.0) (1.6.5)
2019-09-28 13:17:51,005 > Requirement already satisfied: feedparser<5.3,>=5.2.1 in /usr/lib/python2.7/site-packages (from OctoPrint->DisplayLayerProgress==1.13.0) (5.2.1)
2019-09-28 13:17:51,005 > Requirement already satisfied: chainmap<1.1,>=1.0.3 in /usr/lib/octoprint/lib/python2.7/site-packages (from OctoPrint->DisplayLayerProgress==1.13.0) (1.0.3)
2019-09-28 13:17:51,006 > Requirement already satisfied: future<0.18,>=0.17.1 in /usr/lib/octoprint/lib/python2.7/site-packages (from OctoPrint->DisplayLayerProgress==1.13.0) (0.17.1)
2019-09-28 13:17:51,007 > Requirement already satisfied: scandir<1.11,>=1.10 in /usr/lib/octoprint/lib/python2.7/site-packages (from OctoPrint->DisplayLayerProgress==1.13.0) (1.10.0)
2019-09-28 13:17:51,007 > Requirement already satisfied: websocket-client<0.57,>=0.56 in /usr/lib/octoprint/lib/python2.7/site-packages (from OctoPrint->DisplayLayerProgress==1.13.0) (0.56.0)
2019-09-28 13:17:51,008 > Requirement already satisfied: wrapt<1.12,>=1.11.1 in /usr/lib/octoprint/lib/python2.7/site-packages (from OctoPrint->DisplayLayerProgress==1.13.0) (1.11.2)
2019-09-28 13:17:51,009 > Requirement already satisfied: futures<3.3,>=3.2 in /usr/lib/octoprint/lib/python2.7/site-packages (from OctoPrint->DisplayLayerProgress==1.13.0) (3.2.0)
2019-09-28 13:17:51,010 > Requirement already satisfied: emoji<0.6,>=0.5.1 in /usr/lib/octoprint/lib/python2.7/site-packages (from OctoPrint->DisplayLayerProgress==1.13.0) (0.5.4)
2019-09-28 13:17:51,010 > Requirement already satisfied: monotonic<1.6,>=1.5 in /usr/lib/octoprint/lib/python2.7/site-packages (from OctoPrint->DisplayLayerProgress==1.13.0) (1.5)
2019-09-28 13:17:51,011 > Requirement already satisfied: frozendict<1.3,>=1.2 in /usr/lib/python2.7/site-packages (from OctoPrint->DisplayLayerProgress==1.13.0) (1.2)
2019-09-28 13:17:51,012 > Requirement already satisfied: sentry-sdk==0.7.7 in /usr/lib/octoprint/lib/python2.7/site-packages (from OctoPrint->DisplayLayerProgress==1.13.0) (0.7.7)
2019-09-28 13:17:51,012 > Requirement already satisfied: typing<4,>=3.6.6 in /usr/lib/octoprint/lib/python2.7/site-packages (from OctoPrint->DisplayLayerProgress==1.13.0) (3.7.4.1)
2019-09-28 13:17:51,013 > Requirement already satisfied: itsdangerous>=0.21 in /usr/lib/python2.7/site-packages (from flask<0.11,>=0.10.1->OctoPrint->DisplayLayerProgress==1.13.0) (0.24)
2019-09-28 13:17:51,014 > Requirement already satisfied: MarkupSafe in /usr/lib/python2.7/site-packages (from Jinja2<2.9,>=2.8.1->OctoPrint->DisplayLayerProgress==1.13.0) (0.23)
2019-09-28 13:17:51,014 > Requirement already satisfied: singledispatch in /usr/lib/python2.7/site-packages (from tornado==4.5.3->OctoPrint->DisplayLayerProgress==1.13.0) (3.4.0.3)
2019-09-28 13:17:51,015 > Requirement already satisfied: certifi in /usr/lib/python2.7/site-packages (from tornado==4.5.3->OctoPrint->DisplayLayerProgress==1.13.0) (2019.6.16)
2019-09-28 13:17:51,015 > Requirement already satisfied: backports_abc>=0.4 in /usr/lib/python2.7/site-packages (from tornado==4.5.3->OctoPrint->DisplayLayerProgress==1.13.0) (0.4)
2019-09-28 13:17:51,016 > Requirement already satisfied: blinker in /usr/lib/python2.7/site-packages (from Flask-Principal<0.5,>=0.4->OctoPrint->DisplayLayerProgress==1.13.0) (1.4)
2019-09-28 13:17:51,017 > Requirement already satisfied: Babel>=2.3 in /usr/lib/python2.7/site-packages (from Flask-Babel<0.13,>=0.12->OctoPrint->DisplayLayerProgress==1.13.0) (2.3.4)
2019-09-28 13:17:51,017 > Requirement already satisfied: webassets>=0.11.1 in /usr/lib/python2.7/site-packages (from Flask-Assets<0.13,>=0.12->OctoPrint->DisplayLayerProgress==1.13.0) (0.11.1)
2019-09-28 13:17:51,018 > Requirement already satisfied: argh>=0.24.1 in /usr/lib/python2.7/site-packages (from watchdog<0.10,>=0.9.0->OctoPrint->DisplayLayerProgress==1.13.0) (0.26.2)
2019-09-28 13:17:51,019 > Requirement already satisfied: pathtools>=0.1.1 in /usr/lib/python2.7/site-packages (from watchdog<0.10,>=0.9.0->OctoPrint->DisplayLayerProgress==1.13.0) (0.1.2)
2019-09-28 13:17:51,019 > Requirement already satisfied: pyasn1>=0.1.3 in /usr/lib/python2.7/site-packages (from rsa<5,>=4.0->OctoPrint->DisplayLayerProgress==1.13.0) (0.1.9)
2019-09-28 13:17:51,020 > Requirement already satisfied: chardet<3.1.0,>=3.0.2 in /usr/lib/octoprint/lib/python2.7/site-packages (from requests<3,>=2.21.0->OctoPrint->DisplayLayerProgress==1.13.0) (3.0.4)
2019-09-28 13:17:51,021 > Requirement already satisfied: idna<2.9,>=2.5 in /usr/lib/python2.7/site-packages (from requests<3,>=2.21.0->OctoPrint->DisplayLayerProgress==1.13.0) (2.8)
2019-09-28 13:17:51,021 > Requirement already satisfied: urllib3!=1.25.0,!=1.25.1,<1.26,>=1.21.1 in /usr/lib/octoprint/lib/python2.7/site-packages (from requests<3,>=2.21.0->OctoPrint->DisplayLayerProgress==1.13.0) (1.25.6)
2019-09-28 13:17:51,022 > Requirement already satisfied: Unidecode<0.05,>=0.04.14 in /usr/lib/python2.7/site-packages (from awesome-slugify<1.7,>=1.6.5->OctoPrint->DisplayLayerProgress==1.13.0) (0.4.19)
2019-09-28 13:17:51,023 > Requirement already satisfied: six in /usr/lib/python2.7/site-packages (from websocket-client<0.57,>=0.56->OctoPrint->DisplayLayerProgress==1.13.0) (1.10.0)
2019-09-28 13:17:51,023 > Requirement already satisfied: backports.ssl_match_hostname in /usr/lib/python2.7/site-packages (from websocket-client<0.57,>=0.56->OctoPrint->DisplayLayerProgress==1.13.0) (3.7.0.1)
2019-09-28 13:17:51,024 > Requirement already satisfied: pytz>=0a in /usr/lib/python2.7/site-packages (from Babel>=2.3->Flask-Babel<0.13,>=0.12->OctoPrint->DisplayLayerProgress==1.13.0) (2016.6.1)
2019-09-28 13:17:51,024 > Installing collected packages: DisplayLayerProgress
2019-09-28 13:17:51,025 > Running setup.py install for DisplayLayerProgress: started
2019-09-28 13:17:54,611 > Running setup.py install for DisplayLayerProgress: finished with status 'done'
2019-09-28 13:17:54,612 > Successfully installed DisplayLayerProgress-1.13.0
