2019-09-28 12:13:25,266   /usr/lib/octoprint/bin/python2 -m pip --disable-pip-version-check install https://github.com/jasiek/OctoPrint-Cost/archive/0.1.3.zip --no-cache-dir
2019-09-28 12:13:30,683 > Collecting https://github.com/jasiek/OctoPrint-Cost/archive/0.1.3.zip
2019-09-28 12:13:31,690 > Downloading https://github.com/jasiek/OctoPrint-Cost/archive/0.1.3.zip
2019-09-28 12:13:34,863 > Requirement already satisfied: OctoPrint in /usr/lib/octoprint/lib/python2.7/site-packages (from OctoPrint-Cost==0.1.3) (1.3.11)
2019-09-28 12:13:37,867 > Requirement already satisfied: flask<0.11,>=0.10.1 in /usr/lib/python2.7/site-packages (from OctoPrint->OctoPrint-Cost==0.1.3) (0.10.1)
2019-09-28 12:13:37,870 > Requirement already satisfied: Jinja2<2.9,>=2.8.1 in /usr/lib/octoprint/lib/python2.7/site-packages (from OctoPrint->OctoPrint-Cost==0.1.3) (2.8.1)
2019-09-28 12:13:37,872 > Requirement already satisfied: tornado==4.5.3 in /usr/lib/octoprint/lib/python2.7/site-packages (from OctoPrint->OctoPrint-Cost==0.1.3) (4.5.3)
2019-09-28 12:13:37,874 > Requirement already satisfied: Flask-Login<0.3,>=0.2.11 in /usr/lib/python2.7/site-packages (from OctoPrint->OctoPrint-Cost==0.1.3) (0.2.11)
2019-09-28 12:13:37,875 > Requirement already satisfied: regex!=2018.11.6 in /usr/lib/python2.7/site-packages (from OctoPrint->OctoPrint-Cost==0.1.3) (2016.7.21)
2019-09-28 12:13:37,876 > Requirement already satisfied: Flask-Principal<0.5,>=0.4 in /usr/lib/octoprint/lib/python2.7/site-packages (from OctoPrint->OctoPrint-Cost==0.1.3) (0.4.0)
2019-09-28 12:13:37,877 > Requirement already satisfied: Flask-Babel<0.13,>=0.12 in /usr/lib/octoprint/lib/python2.7/site-packages (from OctoPrint->OctoPrint-Cost==0.1.3) (0.12.2)
2019-09-28 12:13:37,878 > Requirement already satisfied: Flask-Assets<0.13,>=0.12 in /usr/lib/octoprint/lib/python2.7/site-packages (from OctoPrint->OctoPrint-Cost==0.1.3) (0.12)
2019-09-28 12:13:37,879 > Requirement already satisfied: werkzeug<0.16,>=0.15.1 in /usr/lib/octoprint/lib/python2.7/site-packages (from OctoPrint->OctoPrint-Cost==0.1.3) (0.15.6)
2019-09-28 12:13:37,880 > Requirement already satisfied: cachelib<0.2,>=0.1 in /usr/lib/octoprint/lib/python2.7/site-packages (from OctoPrint->OctoPrint-Cost==0.1.3) (0.1)
2019-09-28 12:13:37,880 > Requirement already satisfied: PyYAML<6,>=5.1 in /usr/lib/octoprint/lib/python2.7/site-packages (from OctoPrint->OctoPrint-Cost==0.1.3) (5.1.2)
2019-09-28 12:13:37,881 > Requirement already satisfied: markdown<3.1,>=3.0 in /usr/lib/octoprint/lib/python2.7/site-packages (from OctoPrint->OctoPrint-Cost==0.1.3) (3.0.1)
2019-09-28 12:13:37,882 > Requirement already satisfied: pyserial<3.5,>=3.4 in /usr/lib/octoprint/lib/python2.7/site-packages (from OctoPrint->OctoPrint-Cost==0.1.3) (3.4)
2019-09-28 12:13:37,883 > Requirement already satisfied: netaddr<0.8,>=0.7.19 in /usr/lib/octoprint/lib/python2.7/site-packages (from OctoPrint->OctoPrint-Cost==0.1.3) (0.7.19)
2019-09-28 12:13:37,884 > Requirement already satisfied: watchdog<0.10,>=0.9.0 in /usr/lib/octoprint/lib/python2.7/site-packages (from OctoPrint->OctoPrint-Cost==0.1.3) (0.9.0)
2019-09-28 12:13:37,886 > Requirement already satisfied: sarge==0.1.5post0 in /usr/lib/octoprint/lib/python2.7/site-packages (from OctoPrint->OctoPrint-Cost==0.1.3) (0.1.5.post0)
2019-09-28 12:13:37,887 > Requirement already satisfied: netifaces<0.11,>=0.10.9 in /usr/lib/python2.7/site-packages (from OctoPrint->OctoPrint-Cost==0.1.3) (0.10.9)
2019-09-28 12:13:37,887 > Requirement already satisfied: pylru<1.3,>=1.2 in /usr/lib/octoprint/lib/python2.7/site-packages (from OctoPrint->OctoPrint-Cost==0.1.3) (1.2.0)
2019-09-28 12:13:37,888 > Requirement already satisfied: rsa<5,>=4.0 in /usr/lib/octoprint/lib/python2.7/site-packages (from OctoPrint->OctoPrint-Cost==0.1.3) (4.0)
2019-09-28 12:13:37,889 > Requirement already satisfied: pkginfo<1.6,>=1.5.0.1 in /usr/lib/octoprint/lib/python2.7/site-packages (from OctoPrint->OctoPrint-Cost==0.1.3) (1.5.0.1)
2019-09-28 12:13:37,890 > Requirement already satisfied: requests<3,>=2.21.0 in /usr/lib/octoprint/lib/python2.7/site-packages (from OctoPrint->OctoPrint-Cost==0.1.3) (2.22.0)
2019-09-28 12:13:37,891 > Requirement already satisfied: semantic_version<2.7,>=2.6 in /usr/lib/octoprint/lib/python2.7/site-packages (from OctoPrint->OctoPrint-Cost==0.1.3) (2.6.0)
2019-09-28 12:13:37,892 > Requirement already satisfied: psutil<5.7,>=5.6.1 in /usr/lib/octoprint/lib/python2.7/site-packages (from OctoPrint->OctoPrint-Cost==0.1.3) (5.6.3)
2019-09-28 12:13:37,893 > Requirement already satisfied: Click<8,>=7 in /usr/lib/octoprint/lib/python2.7/site-packages (from OctoPrint->OctoPrint-Cost==0.1.3) (7.0)
2019-09-28 12:13:37,893 > Requirement already satisfied: awesome-slugify<1.7,>=1.6.5 in /usr/lib/python2.7/site-packages (from OctoPrint->OctoPrint-Cost==0.1.3) (1.6.5)
2019-09-28 12:13:37,894 > Requirement already satisfied: feedparser<5.3,>=5.2.1 in /usr/lib/python2.7/site-packages (from OctoPrint->OctoPrint-Cost==0.1.3) (5.2.1)
2019-09-28 12:13:37,895 > Requirement already satisfied: chainmap<1.1,>=1.0.3 in /usr/lib/octoprint/lib/python2.7/site-packages (from OctoPrint->OctoPrint-Cost==0.1.3) (1.0.3)
2019-09-28 12:13:37,896 > Requirement already satisfied: future<0.18,>=0.17.1 in /usr/lib/octoprint/lib/python2.7/site-packages (from OctoPrint->OctoPrint-Cost==0.1.3) (0.17.1)
2019-09-28 12:13:37,897 > Requirement already satisfied: scandir<1.11,>=1.10 in /usr/lib/octoprint/lib/python2.7/site-packages (from OctoPrint->OctoPrint-Cost==0.1.3) (1.10.0)
2019-09-28 12:13:37,898 > Requirement already satisfied: websocket-client<0.57,>=0.56 in /usr/lib/octoprint/lib/python2.7/site-packages (from OctoPrint->OctoPrint-Cost==0.1.3) (0.56.0)
2019-09-28 12:13:37,898 > Requirement already satisfied: wrapt<1.12,>=1.11.1 in /usr/lib/octoprint/lib/python2.7/site-packages (from OctoPrint->OctoPrint-Cost==0.1.3) (1.11.2)
2019-09-28 12:13:37,899 > Requirement already satisfied: futures<3.3,>=3.2 in /usr/lib/octoprint/lib/python2.7/site-packages (from OctoPrint->OctoPrint-Cost==0.1.3) (3.2.0)
2019-09-28 12:13:37,900 > Requirement already satisfied: emoji<0.6,>=0.5.1 in /usr/lib/octoprint/lib/python2.7/site-packages (from OctoPrint->OctoPrint-Cost==0.1.3) (0.5.4)
2019-09-28 12:13:37,901 > Requirement already satisfied: monotonic<1.6,>=1.5 in /usr/lib/octoprint/lib/python2.7/site-packages (from OctoPrint->OctoPrint-Cost==0.1.3) (1.5)
2019-09-28 12:13:37,902 > Requirement already satisfied: frozendict<1.3,>=1.2 in /usr/lib/python2.7/site-packages (from OctoPrint->OctoPrint-Cost==0.1.3) (1.2)
2019-09-28 12:13:37,903 > Requirement already satisfied: sentry-sdk==0.7.7 in /usr/lib/octoprint/lib/python2.7/site-packages (from OctoPrint->OctoPrint-Cost==0.1.3) (0.7.7)
2019-09-28 12:13:37,904 > Requirement already satisfied: typing<4,>=3.6.6 in /usr/lib/octoprint/lib/python2.7/site-packages (from OctoPrint->OctoPrint-Cost==0.1.3) (3.7.4.1)
2019-09-28 12:13:37,905 > Requirement already satisfied: itsdangerous>=0.21 in /usr/lib/python2.7/site-packages (from flask<0.11,>=0.10.1->OctoPrint->OctoPrint-Cost==0.1.3) (0.24)
2019-09-28 12:13:37,906 > Requirement already satisfied: MarkupSafe in /usr/lib/python2.7/site-packages (from Jinja2<2.9,>=2.8.1->OctoPrint->OctoPrint-Cost==0.1.3) (0.23)
2019-09-28 12:13:37,906 > Requirement already satisfied: singledispatch in /usr/lib/python2.7/site-packages (from tornado==4.5.3->OctoPrint->OctoPrint-Cost==0.1.3) (3.4.0.3)
2019-09-28 12:13:37,907 > Requirement already satisfied: certifi in /usr/lib/python2.7/site-packages (from tornado==4.5.3->OctoPrint->OctoPrint-Cost==0.1.3) (2019.6.16)
2019-09-28 12:13:37,908 > Requirement already satisfied: backports_abc>=0.4 in /usr/lib/python2.7/site-packages (from tornado==4.5.3->OctoPrint->OctoPrint-Cost==0.1.3) (0.4)
2019-09-28 12:13:37,909 > Requirement already satisfied: blinker in /usr/lib/python2.7/site-packages (from Flask-Principal<0.5,>=0.4->OctoPrint->OctoPrint-Cost==0.1.3) (1.4)
2019-09-28 12:13:37,910 > Requirement already satisfied: Babel>=2.3 in /usr/lib/python2.7/site-packages (from Flask-Babel<0.13,>=0.12->OctoPrint->OctoPrint-Cost==0.1.3) (2.3.4)
2019-09-28 12:13:37,910 > Requirement already satisfied: webassets>=0.11.1 in /usr/lib/python2.7/site-packages (from Flask-Assets<0.13,>=0.12->OctoPrint->OctoPrint-Cost==0.1.3) (0.11.1)
2019-09-28 12:13:37,911 > Requirement already satisfied: argh>=0.24.1 in /usr/lib/python2.7/site-packages (from watchdog<0.10,>=0.9.0->OctoPrint->OctoPrint-Cost==0.1.3) (0.26.2)
2019-09-28 12:13:37,912 > Requirement already satisfied: pathtools>=0.1.1 in /usr/lib/python2.7/site-packages (from watchdog<0.10,>=0.9.0->OctoPrint->OctoPrint-Cost==0.1.3) (0.1.2)
2019-09-28 12:13:37,913 > Requirement already satisfied: pyasn1>=0.1.3 in /usr/lib/python2.7/site-packages (from rsa<5,>=4.0->OctoPrint->OctoPrint-Cost==0.1.3) (0.1.9)
2019-09-28 12:13:37,914 > Requirement already satisfied: chardet<3.1.0,>=3.0.2 in /usr/lib/octoprint/lib/python2.7/site-packages (from requests<3,>=2.21.0->OctoPrint->OctoPrint-Cost==0.1.3) (3.0.4)
2019-09-28 12:13:37,915 > Requirement already satisfied: idna<2.9,>=2.5 in /usr/lib/python2.7/site-packages (from requests<3,>=2.21.0->OctoPrint->OctoPrint-Cost==0.1.3) (2.8)
2019-09-28 12:13:37,916 > Requirement already satisfied: urllib3!=1.25.0,!=1.25.1,<1.26,>=1.21.1 in /usr/lib/octoprint/lib/python2.7/site-packages (from requests<3,>=2.21.0->OctoPrint->OctoPrint-Cost==0.1.3) (1.25.6)
2019-09-28 12:13:37,917 > Requirement already satisfied: Unidecode<0.05,>=0.04.14 in /usr/lib/python2.7/site-packages (from awesome-slugify<1.7,>=1.6.5->OctoPrint->OctoPrint-Cost==0.1.3) (0.4.19)
2019-09-28 12:13:37,917 > Requirement already satisfied: six in /usr/lib/python2.7/site-packages (from websocket-client<0.57,>=0.56->OctoPrint->OctoPrint-Cost==0.1.3) (1.10.0)
2019-09-28 12:13:37,918 > Requirement already satisfied: backports.ssl_match_hostname in /usr/lib/python2.7/site-packages (from websocket-client<0.57,>=0.56->OctoPrint->OctoPrint-Cost==0.1.3) (3.7.0.1)
2019-09-28 12:13:37,919 > Requirement already satisfied: pytz>=0a in /usr/lib/python2.7/site-packages (from Babel>=2.3->Flask-Babel<0.13,>=0.12->OctoPrint->OctoPrint-Cost==0.1.3) (2016.6.1)
2019-09-28 12:13:37,920 > Installing collected packages: OctoPrint-Cost
2019-09-28 12:13:37,921 > Found existing installation: OctoPrint-Cost 0.1.2
2019-09-28 12:13:37,922 > Not uninstalling octoprint-cost at /usr/lib/python2.7/site-packages, outside environment /usr/lib/octoprint
2019-09-28 12:13:37,923 > Can't uninstall 'OctoPrint-Cost'. No files were found to uninstall.
2019-09-28 12:13:37,924 > Running setup.py install for OctoPrint-Cost: started
2019-09-28 12:13:41,043 > Running setup.py install for OctoPrint-Cost: finished with status 'done'
2019-09-28 12:13:41,045 > Successfully installed OctoPrint-Cost-0.1.3
2019-09-28 12:13:41,698   /usr/lib/octoprint/bin/python2 -m pip --disable-pip-version-check install https://github.com/markwal/OctoPrint-PortLister/archive/0.1.8.zip --no-cache-dir
2019-09-28 12:13:47,013 > Collecting https://github.com/markwal/OctoPrint-PortLister/archive/0.1.8.zip
2019-09-28 12:13:48,183 > Downloading https://github.com/markwal/OctoPrint-PortLister/archive/0.1.8.zip
2019-09-28 12:13:51,190 > Requirement already satisfied: OctoPrint in /usr/lib/octoprint/lib/python2.7/site-packages (from OctoPrint-PortLister==0.1.8) (1.3.11)
2019-09-28 12:13:54,258 > Requirement already satisfied: flask<0.11,>=0.10.1 in /usr/lib/python2.7/site-packages (from OctoPrint->OctoPrint-PortLister==0.1.8) (0.10.1)
2019-09-28 12:13:54,261 > Requirement already satisfied: Jinja2<2.9,>=2.8.1 in /usr/lib/octoprint/lib/python2.7/site-packages (from OctoPrint->OctoPrint-PortLister==0.1.8) (2.8.1)
2019-09-28 12:13:54,264 > Requirement already satisfied: tornado==4.5.3 in /usr/lib/octoprint/lib/python2.7/site-packages (from OctoPrint->OctoPrint-PortLister==0.1.8) (4.5.3)
2019-09-28 12:13:54,265 > Requirement already satisfied: Flask-Login<0.3,>=0.2.11 in /usr/lib/python2.7/site-packages (from OctoPrint->OctoPrint-PortLister==0.1.8) (0.2.11)
2019-09-28 12:13:54,266 > Requirement already satisfied: regex!=2018.11.6 in /usr/lib/python2.7/site-packages (from OctoPrint->OctoPrint-PortLister==0.1.8) (2016.7.21)
2019-09-28 12:13:54,267 > Requirement already satisfied: Flask-Principal<0.5,>=0.4 in /usr/lib/octoprint/lib/python2.7/site-packages (from OctoPrint->OctoPrint-PortLister==0.1.8) (0.4.0)
2019-09-28 12:13:54,268 > Requirement already satisfied: Flask-Babel<0.13,>=0.12 in /usr/lib/octoprint/lib/python2.7/site-packages (from OctoPrint->OctoPrint-PortLister==0.1.8) (0.12.2)
2019-09-28 12:13:54,269 > Requirement already satisfied: Flask-Assets<0.13,>=0.12 in /usr/lib/octoprint/lib/python2.7/site-packages (from OctoPrint->OctoPrint-PortLister==0.1.8) (0.12)
2019-09-28 12:13:54,269 > Requirement already satisfied: werkzeug<0.16,>=0.15.1 in /usr/lib/octoprint/lib/python2.7/site-packages (from OctoPrint->OctoPrint-PortLister==0.1.8) (0.15.6)
2019-09-28 12:13:54,270 > Requirement already satisfied: cachelib<0.2,>=0.1 in /usr/lib/octoprint/lib/python2.7/site-packages (from OctoPrint->OctoPrint-PortLister==0.1.8) (0.1)
2019-09-28 12:13:54,271 > Requirement already satisfied: PyYAML<6,>=5.1 in /usr/lib/octoprint/lib/python2.7/site-packages (from OctoPrint->OctoPrint-PortLister==0.1.8) (5.1.2)
2019-09-28 12:13:54,272 > Requirement already satisfied: markdown<3.1,>=3.0 in /usr/lib/octoprint/lib/python2.7/site-packages (from OctoPrint->OctoPrint-PortLister==0.1.8) (3.0.1)
2019-09-28 12:13:54,273 > Requirement already satisfied: pyserial<3.5,>=3.4 in /usr/lib/octoprint/lib/python2.7/site-packages (from OctoPrint->OctoPrint-PortLister==0.1.8) (3.4)
2019-09-28 12:13:54,274 > Requirement already satisfied: netaddr<0.8,>=0.7.19 in /usr/lib/octoprint/lib/python2.7/site-packages (from OctoPrint->OctoPrint-PortLister==0.1.8) (0.7.19)
2019-09-28 12:13:54,275 > Requirement already satisfied: watchdog<0.10,>=0.9.0 in /usr/lib/octoprint/lib/python2.7/site-packages (from OctoPrint->OctoPrint-PortLister==0.1.8) (0.9.0)
2019-09-28 12:13:54,275 > Requirement already satisfied: sarge==0.1.5post0 in /usr/lib/octoprint/lib/python2.7/site-packages (from OctoPrint->OctoPrint-PortLister==0.1.8) (0.1.5.post0)
2019-09-28 12:13:54,276 > Requirement already satisfied: netifaces<0.11,>=0.10.9 in /usr/lib/python2.7/site-packages (from OctoPrint->OctoPrint-PortLister==0.1.8) (0.10.9)
2019-09-28 12:13:54,277 > Requirement already satisfied: pylru<1.3,>=1.2 in /usr/lib/octoprint/lib/python2.7/site-packages (from OctoPrint->OctoPrint-PortLister==0.1.8) (1.2.0)
2019-09-28 12:13:54,278 > Requirement already satisfied: rsa<5,>=4.0 in /usr/lib/octoprint/lib/python2.7/site-packages (from OctoPrint->OctoPrint-PortLister==0.1.8) (4.0)
2019-09-28 12:13:54,279 > Requirement already satisfied: pkginfo<1.6,>=1.5.0.1 in /usr/lib/octoprint/lib/python2.7/site-packages (from OctoPrint->OctoPrint-PortLister==0.1.8) (1.5.0.1)
2019-09-28 12:13:54,280 > Requirement already satisfied: requests<3,>=2.21.0 in /usr/lib/octoprint/lib/python2.7/site-packages (from OctoPrint->OctoPrint-PortLister==0.1.8) (2.22.0)
2019-09-28 12:13:54,280 > Requirement already satisfied: semantic_version<2.7,>=2.6 in /usr/lib/octoprint/lib/python2.7/site-packages (from OctoPrint->OctoPrint-PortLister==0.1.8) (2.6.0)
2019-09-28 12:13:54,281 > Requirement already satisfied: psutil<5.7,>=5.6.1 in /usr/lib/octoprint/lib/python2.7/site-packages (from OctoPrint->OctoPrint-PortLister==0.1.8) (5.6.3)
2019-09-28 12:13:54,282 > Requirement already satisfied: Click<8,>=7 in /usr/lib/octoprint/lib/python2.7/site-packages (from OctoPrint->OctoPrint-PortLister==0.1.8) (7.0)
2019-09-28 12:13:54,283 > Requirement already satisfied: awesome-slugify<1.7,>=1.6.5 in /usr/lib/python2.7/site-packages (from OctoPrint->OctoPrint-PortLister==0.1.8) (1.6.5)
2019-09-28 12:13:54,284 > Requirement already satisfied: feedparser<5.3,>=5.2.1 in /usr/lib/python2.7/site-packages (from OctoPrint->OctoPrint-PortLister==0.1.8) (5.2.1)
2019-09-28 12:13:54,284 > Requirement already satisfied: chainmap<1.1,>=1.0.3 in /usr/lib/octoprint/lib/python2.7/site-packages (from OctoPrint->OctoPrint-PortLister==0.1.8) (1.0.3)
2019-09-28 12:13:54,285 > Requirement already satisfied: future<0.18,>=0.17.1 in /usr/lib/octoprint/lib/python2.7/site-packages (from OctoPrint->OctoPrint-PortLister==0.1.8) (0.17.1)
2019-09-28 12:13:54,286 > Requirement already satisfied: scandir<1.11,>=1.10 in /usr/lib/octoprint/lib/python2.7/site-packages (from OctoPrint->OctoPrint-PortLister==0.1.8) (1.10.0)
2019-09-28 12:13:54,287 > Requirement already satisfied: websocket-client<0.57,>=0.56 in /usr/lib/octoprint/lib/python2.7/site-packages (from OctoPrint->OctoPrint-PortLister==0.1.8) (0.56.0)
2019-09-28 12:13:54,288 > Requirement already satisfied: wrapt<1.12,>=1.11.1 in /usr/lib/octoprint/lib/python2.7/site-packages (from OctoPrint->OctoPrint-PortLister==0.1.8) (1.11.2)
2019-09-28 12:13:54,289 > Requirement already satisfied: futures<3.3,>=3.2 in /usr/lib/octoprint/lib/python2.7/site-packages (from OctoPrint->OctoPrint-PortLister==0.1.8) (3.2.0)
2019-09-28 12:13:54,290 > Requirement already satisfied: emoji<0.6,>=0.5.1 in /usr/lib/octoprint/lib/python2.7/site-packages (from OctoPrint->OctoPrint-PortLister==0.1.8) (0.5.4)
2019-09-28 12:13:54,290 > Requirement already satisfied: monotonic<1.6,>=1.5 in /usr/lib/octoprint/lib/python2.7/site-packages (from OctoPrint->OctoPrint-PortLister==0.1.8) (1.5)
2019-09-28 12:13:54,291 > Requirement already satisfied: frozendict<1.3,>=1.2 in /usr/lib/python2.7/site-packages (from OctoPrint->OctoPrint-PortLister==0.1.8) (1.2)
2019-09-28 12:13:54,292 > Requirement already satisfied: sentry-sdk==0.7.7 in /usr/lib/octoprint/lib/python2.7/site-packages (from OctoPrint->OctoPrint-PortLister==0.1.8) (0.7.7)
2019-09-28 12:13:54,293 > Requirement already satisfied: typing<4,>=3.6.6 in /usr/lib/octoprint/lib/python2.7/site-packages (from OctoPrint->OctoPrint-PortLister==0.1.8) (3.7.4.1)
2019-09-28 12:13:54,294 > Requirement already satisfied: itsdangerous>=0.21 in /usr/lib/python2.7/site-packages (from flask<0.11,>=0.10.1->OctoPrint->OctoPrint-PortLister==0.1.8) (0.24)
2019-09-28 12:13:54,295 > Requirement already satisfied: MarkupSafe in /usr/lib/python2.7/site-packages (from Jinja2<2.9,>=2.8.1->OctoPrint->OctoPrint-PortLister==0.1.8) (0.23)
2019-09-28 12:13:54,296 > Requirement already satisfied: singledispatch in /usr/lib/python2.7/site-packages (from tornado==4.5.3->OctoPrint->OctoPrint-PortLister==0.1.8) (3.4.0.3)
2019-09-28 12:13:54,297 > Requirement already satisfied: certifi in /usr/lib/python2.7/site-packages (from tornado==4.5.3->OctoPrint->OctoPrint-PortLister==0.1.8) (2019.6.16)
2019-09-28 12:13:54,297 > Requirement already satisfied: backports_abc>=0.4 in /usr/lib/python2.7/site-packages (from tornado==4.5.3->OctoPrint->OctoPrint-PortLister==0.1.8) (0.4)
2019-09-28 12:13:54,298 > Requirement already satisfied: blinker in /usr/lib/python2.7/site-packages (from Flask-Principal<0.5,>=0.4->OctoPrint->OctoPrint-PortLister==0.1.8) (1.4)
2019-09-28 12:13:54,299 > Requirement already satisfied: Babel>=2.3 in /usr/lib/python2.7/site-packages (from Flask-Babel<0.13,>=0.12->OctoPrint->OctoPrint-PortLister==0.1.8) (2.3.4)
2019-09-28 12:13:54,300 > Requirement already satisfied: webassets>=0.11.1 in /usr/lib/python2.7/site-packages (from Flask-Assets<0.13,>=0.12->OctoPrint->OctoPrint-PortLister==0.1.8) (0.11.1)
2019-09-28 12:13:54,301 > Requirement already satisfied: argh>=0.24.1 in /usr/lib/python2.7/site-packages (from watchdog<0.10,>=0.9.0->OctoPrint->OctoPrint-PortLister==0.1.8) (0.26.2)
2019-09-28 12:13:54,301 > Requirement already satisfied: pathtools>=0.1.1 in /usr/lib/python2.7/site-packages (from watchdog<0.10,>=0.9.0->OctoPrint->OctoPrint-PortLister==0.1.8) (0.1.2)
2019-09-28 12:13:54,302 > Requirement already satisfied: pyasn1>=0.1.3 in /usr/lib/python2.7/site-packages (from rsa<5,>=4.0->OctoPrint->OctoPrint-PortLister==0.1.8) (0.1.9)
2019-09-28 12:13:54,303 > Requirement already satisfied: chardet<3.1.0,>=3.0.2 in /usr/lib/octoprint/lib/python2.7/site-packages (from requests<3,>=2.21.0->OctoPrint->OctoPrint-PortLister==0.1.8) (3.0.4)
2019-09-28 12:13:54,304 > Requirement already satisfied: idna<2.9,>=2.5 in /usr/lib/python2.7/site-packages (from requests<3,>=2.21.0->OctoPrint->OctoPrint-PortLister==0.1.8) (2.8)
2019-09-28 12:13:54,305 > Requirement already satisfied: urllib3!=1.25.0,!=1.25.1,<1.26,>=1.21.1 in /usr/lib/octoprint/lib/python2.7/site-packages (from requests<3,>=2.21.0->OctoPrint->OctoPrint-PortLister==0.1.8) (1.25.6)
2019-09-28 12:13:54,306 > Requirement already satisfied: Unidecode<0.05,>=0.04.14 in /usr/lib/python2.7/site-packages (from awesome-slugify<1.7,>=1.6.5->OctoPrint->OctoPrint-PortLister==0.1.8) (0.4.19)
2019-09-28 12:13:54,306 > Requirement already satisfied: six in /usr/lib/python2.7/site-packages (from websocket-client<0.57,>=0.56->OctoPrint->OctoPrint-PortLister==0.1.8) (1.10.0)
2019-09-28 12:13:54,307 > Requirement already satisfied: backports.ssl_match_hostname in /usr/lib/python2.7/site-packages (from websocket-client<0.57,>=0.56->OctoPrint->OctoPrint-PortLister==0.1.8) (3.7.0.1)
2019-09-28 12:13:54,308 > Requirement already satisfied: pytz>=0a in /usr/lib/python2.7/site-packages (from Babel>=2.3->Flask-Babel<0.13,>=0.12->OctoPrint->OctoPrint-PortLister==0.1.8) (2016.6.1)
2019-09-28 12:13:54,309 > Installing collected packages: OctoPrint-PortLister
2019-09-28 12:13:54,310 > Found existing installation: OctoPrint-PortLister 0.1.5
2019-09-28 12:13:54,311 > Not uninstalling octoprint-portlister at /usr/lib/python2.7/site-packages, outside environment /usr/lib/octoprint
2019-09-28 12:13:54,312 > Can't uninstall 'OctoPrint-PortLister'. No files were found to uninstall.
2019-09-28 12:13:54,313 > Running setup.py install for OctoPrint-PortLister: started
2019-09-28 12:13:57,784 > Running setup.py install for OctoPrint-PortLister: finished with status 'done'
2019-09-28 12:13:58,290 > Successfully installed OctoPrint-PortLister-0.1.8
2019-09-28 12:13:58,817   /usr/lib/octoprint/bin/python2 -m pip --disable-pip-version-check install https://github.com/Salandora/OctoPrint-SystemCommandEditor/archive/0.3.3.zip --no-cache-dir
2019-09-28 12:14:04,179 > Collecting https://github.com/Salandora/OctoPrint-SystemCommandEditor/archive/0.3.3.zip
2019-09-28 12:14:05,301 > Downloading https://github.com/Salandora/OctoPrint-SystemCommandEditor/archive/0.3.3.zip
2019-09-28 12:14:08,373 > Requirement already satisfied: OctoPrint in /usr/lib/octoprint/lib/python2.7/site-packages (from OctoPrint-SystemCommandEditor==0.3.3) (1.3.11)
2019-09-28 12:14:11,478 > Requirement already satisfied: flask<0.11,>=0.10.1 in /usr/lib/python2.7/site-packages (from OctoPrint->OctoPrint-SystemCommandEditor==0.3.3) (0.10.1)
2019-09-28 12:14:11,480 > Requirement already satisfied: Jinja2<2.9,>=2.8.1 in /usr/lib/octoprint/lib/python2.7/site-packages (from OctoPrint->OctoPrint-SystemCommandEditor==0.3.3) (2.8.1)
2019-09-28 12:14:11,483 > Requirement already satisfied: tornado==4.5.3 in /usr/lib/octoprint/lib/python2.7/site-packages (from OctoPrint->OctoPrint-SystemCommandEditor==0.3.3) (4.5.3)
2019-09-28 12:14:11,485 > Requirement already satisfied: Flask-Login<0.3,>=0.2.11 in /usr/lib/python2.7/site-packages (from OctoPrint->OctoPrint-SystemCommandEditor==0.3.3) (0.2.11)
2019-09-28 12:14:11,486 > Requirement already satisfied: regex!=2018.11.6 in /usr/lib/python2.7/site-packages (from OctoPrint->OctoPrint-SystemCommandEditor==0.3.3) (2016.7.21)
2019-09-28 12:14:11,487 > Requirement already satisfied: Flask-Principal<0.5,>=0.4 in /usr/lib/octoprint/lib/python2.7/site-packages (from OctoPrint->OctoPrint-SystemCommandEditor==0.3.3) (0.4.0)
2019-09-28 12:14:11,488 > Requirement already satisfied: Flask-Babel<0.13,>=0.12 in /usr/lib/octoprint/lib/python2.7/site-packages (from OctoPrint->OctoPrint-SystemCommandEditor==0.3.3) (0.12.2)
2019-09-28 12:14:11,489 > Requirement already satisfied: Flask-Assets<0.13,>=0.12 in /usr/lib/octoprint/lib/python2.7/site-packages (from OctoPrint->OctoPrint-SystemCommandEditor==0.3.3) (0.12)
2019-09-28 12:14:11,490 > Requirement already satisfied: werkzeug<0.16,>=0.15.1 in /usr/lib/octoprint/lib/python2.7/site-packages (from OctoPrint->OctoPrint-SystemCommandEditor==0.3.3) (0.15.6)
2019-09-28 12:14:11,491 > Requirement already satisfied: cachelib<0.2,>=0.1 in /usr/lib/octoprint/lib/python2.7/site-packages (from OctoPrint->OctoPrint-SystemCommandEditor==0.3.3) (0.1)
2019-09-28 12:14:11,492 > Requirement already satisfied: PyYAML<6,>=5.1 in /usr/lib/octoprint/lib/python2.7/site-packages (from OctoPrint->OctoPrint-SystemCommandEditor==0.3.3) (5.1.2)
2019-09-28 12:14:11,493 > Requirement already satisfied: markdown<3.1,>=3.0 in /usr/lib/octoprint/lib/python2.7/site-packages (from OctoPrint->OctoPrint-SystemCommandEditor==0.3.3) (3.0.1)
2019-09-28 12:14:11,494 > Requirement already satisfied: pyserial<3.5,>=3.4 in /usr/lib/octoprint/lib/python2.7/site-packages (from OctoPrint->OctoPrint-SystemCommandEditor==0.3.3) (3.4)
2019-09-28 12:14:11,495 > Requirement already satisfied: netaddr<0.8,>=0.7.19 in /usr/lib/octoprint/lib/python2.7/site-packages (from OctoPrint->OctoPrint-SystemCommandEditor==0.3.3) (0.7.19)
2019-09-28 12:14:11,496 > Requirement already satisfied: watchdog<0.10,>=0.9.0 in /usr/lib/octoprint/lib/python2.7/site-packages (from OctoPrint->OctoPrint-SystemCommandEditor==0.3.3) (0.9.0)
2019-09-28 12:14:11,496 > Requirement already satisfied: sarge==0.1.5post0 in /usr/lib/octoprint/lib/python2.7/site-packages (from OctoPrint->OctoPrint-SystemCommandEditor==0.3.3) (0.1.5.post0)
2019-09-28 12:14:11,497 > Requirement already satisfied: netifaces<0.11,>=0.10.9 in /usr/lib/python2.7/site-packages (from OctoPrint->OctoPrint-SystemCommandEditor==0.3.3) (0.10.9)
2019-09-28 12:14:11,498 > Requirement already satisfied: pylru<1.3,>=1.2 in /usr/lib/octoprint/lib/python2.7/site-packages (from OctoPrint->OctoPrint-SystemCommandEditor==0.3.3) (1.2.0)
2019-09-28 12:14:11,499 > Requirement already satisfied: rsa<5,>=4.0 in /usr/lib/octoprint/lib/python2.7/site-packages (from OctoPrint->OctoPrint-SystemCommandEditor==0.3.3) (4.0)
2019-09-28 12:14:11,500 > Requirement already satisfied: pkginfo<1.6,>=1.5.0.1 in /usr/lib/octoprint/lib/python2.7/site-packages (from OctoPrint->OctoPrint-SystemCommandEditor==0.3.3) (1.5.0.1)
2019-09-28 12:14:11,501 > Requirement already satisfied: requests<3,>=2.21.0 in /usr/lib/octoprint/lib/python2.7/site-packages (from OctoPrint->OctoPrint-SystemCommandEditor==0.3.3) (2.22.0)
2019-09-28 12:14:11,502 > Requirement already satisfied: semantic_version<2.7,>=2.6 in /usr/lib/octoprint/lib/python2.7/site-packages (from OctoPrint->OctoPrint-SystemCommandEditor==0.3.3) (2.6.0)
2019-09-28 12:14:11,503 > Requirement already satisfied: psutil<5.7,>=5.6.1 in /usr/lib/octoprint/lib/python2.7/site-packages (from OctoPrint->OctoPrint-SystemCommandEditor==0.3.3) (5.6.3)
2019-09-28 12:14:11,503 > Requirement already satisfied: Click<8,>=7 in /usr/lib/octoprint/lib/python2.7/site-packages (from OctoPrint->OctoPrint-SystemCommandEditor==0.3.3) (7.0)
2019-09-28 12:14:11,504 > Requirement already satisfied: awesome-slugify<1.7,>=1.6.5 in /usr/lib/python2.7/site-packages (from OctoPrint->OctoPrint-SystemCommandEditor==0.3.3) (1.6.5)
2019-09-28 12:14:11,505 > Requirement already satisfied: feedparser<5.3,>=5.2.1 in /usr/lib/python2.7/site-packages (from OctoPrint->OctoPrint-SystemCommandEditor==0.3.3) (5.2.1)
2019-09-28 12:14:11,506 > Requirement already satisfied: chainmap<1.1,>=1.0.3 in /usr/lib/octoprint/lib/python2.7/site-packages (from OctoPrint->OctoPrint-SystemCommandEditor==0.3.3) (1.0.3)
2019-09-28 12:14:11,507 > Requirement already satisfied: future<0.18,>=0.17.1 in /usr/lib/octoprint/lib/python2.7/site-packages (from OctoPrint->OctoPrint-SystemCommandEditor==0.3.3) (0.17.1)
2019-09-28 12:14:11,507 > Requirement already satisfied: scandir<1.11,>=1.10 in /usr/lib/octoprint/lib/python2.7/site-packages (from OctoPrint->OctoPrint-SystemCommandEditor==0.3.3) (1.10.0)
2019-09-28 12:14:11,508 > Requirement already satisfied: websocket-client<0.57,>=0.56 in /usr/lib/octoprint/lib/python2.7/site-packages (from OctoPrint->OctoPrint-SystemCommandEditor==0.3.3) (0.56.0)
2019-09-28 12:14:11,509 > Requirement already satisfied: wrapt<1.12,>=1.11.1 in /usr/lib/octoprint/lib/python2.7/site-packages (from OctoPrint->OctoPrint-SystemCommandEditor==0.3.3) (1.11.2)
2019-09-28 12:14:11,510 > Requirement already satisfied: futures<3.3,>=3.2 in /usr/lib/octoprint/lib/python2.7/site-packages (from OctoPrint->OctoPrint-SystemCommandEditor==0.3.3) (3.2.0)
2019-09-28 12:14:11,511 > Requirement already satisfied: emoji<0.6,>=0.5.1 in /usr/lib/octoprint/lib/python2.7/site-packages (from OctoPrint->OctoPrint-SystemCommandEditor==0.3.3) (0.5.4)
2019-09-28 12:14:11,511 > Requirement already satisfied: monotonic<1.6,>=1.5 in /usr/lib/octoprint/lib/python2.7/site-packages (from OctoPrint->OctoPrint-SystemCommandEditor==0.3.3) (1.5)
2019-09-28 12:14:11,512 > Requirement already satisfied: frozendict<1.3,>=1.2 in /usr/lib/python2.7/site-packages (from OctoPrint->OctoPrint-SystemCommandEditor==0.3.3) (1.2)
2019-09-28 12:14:11,513 > Requirement already satisfied: sentry-sdk==0.7.7 in /usr/lib/octoprint/lib/python2.7/site-packages (from OctoPrint->OctoPrint-SystemCommandEditor==0.3.3) (0.7.7)
2019-09-28 12:14:11,514 > Requirement already satisfied: typing<4,>=3.6.6 in /usr/lib/octoprint/lib/python2.7/site-packages (from OctoPrint->OctoPrint-SystemCommandEditor==0.3.3) (3.7.4.1)
2019-09-28 12:14:11,515 > Requirement already satisfied: itsdangerous>=0.21 in /usr/lib/python2.7/site-packages (from flask<0.11,>=0.10.1->OctoPrint->OctoPrint-SystemCommandEditor==0.3.3) (0.24)
2019-09-28 12:14:11,516 > Requirement already satisfied: MarkupSafe in /usr/lib/python2.7/site-packages (from Jinja2<2.9,>=2.8.1->OctoPrint->OctoPrint-SystemCommandEditor==0.3.3) (0.23)
2019-09-28 12:14:11,516 > Requirement already satisfied: singledispatch in /usr/lib/python2.7/site-packages (from tornado==4.5.3->OctoPrint->OctoPrint-SystemCommandEditor==0.3.3) (3.4.0.3)
2019-09-28 12:14:11,517 > Requirement already satisfied: certifi in /usr/lib/python2.7/site-packages (from tornado==4.5.3->OctoPrint->OctoPrint-SystemCommandEditor==0.3.3) (2019.6.16)
2019-09-28 12:14:11,518 > Requirement already satisfied: backports_abc>=0.4 in /usr/lib/python2.7/site-packages (from tornado==4.5.3->OctoPrint->OctoPrint-SystemCommandEditor==0.3.3) (0.4)
2019-09-28 12:14:11,519 > Requirement already satisfied: blinker in /usr/lib/python2.7/site-packages (from Flask-Principal<0.5,>=0.4->OctoPrint->OctoPrint-SystemCommandEditor==0.3.3) (1.4)
2019-09-28 12:14:11,520 > Requirement already satisfied: Babel>=2.3 in /usr/lib/python2.7/site-packages (from Flask-Babel<0.13,>=0.12->OctoPrint->OctoPrint-SystemCommandEditor==0.3.3) (2.3.4)
2019-09-28 12:14:11,520 > Requirement already satisfied: webassets>=0.11.1 in /usr/lib/python2.7/site-packages (from Flask-Assets<0.13,>=0.12->OctoPrint->OctoPrint-SystemCommandEditor==0.3.3) (0.11.1)
2019-09-28 12:14:11,521 > Requirement already satisfied: argh>=0.24.1 in /usr/lib/python2.7/site-packages (from watchdog<0.10,>=0.9.0->OctoPrint->OctoPrint-SystemCommandEditor==0.3.3) (0.26.2)
2019-09-28 12:14:11,522 > Requirement already satisfied: pathtools>=0.1.1 in /usr/lib/python2.7/site-packages (from watchdog<0.10,>=0.9.0->OctoPrint->OctoPrint-SystemCommandEditor==0.3.3) (0.1.2)
2019-09-28 12:14:11,523 > Requirement already satisfied: pyasn1>=0.1.3 in /usr/lib/python2.7/site-packages (from rsa<5,>=4.0->OctoPrint->OctoPrint-SystemCommandEditor==0.3.3) (0.1.9)
2019-09-28 12:14:11,524 > Requirement already satisfied: chardet<3.1.0,>=3.0.2 in /usr/lib/octoprint/lib/python2.7/site-packages (from requests<3,>=2.21.0->OctoPrint->OctoPrint-SystemCommandEditor==0.3.3) (3.0.4)
2019-09-28 12:14:11,525 > Requirement already satisfied: idna<2.9,>=2.5 in /usr/lib/python2.7/site-packages (from requests<3,>=2.21.0->OctoPrint->OctoPrint-SystemCommandEditor==0.3.3) (2.8)
2019-09-28 12:14:11,525 > Requirement already satisfied: urllib3!=1.25.0,!=1.25.1,<1.26,>=1.21.1 in /usr/lib/octoprint/lib/python2.7/site-packages (from requests<3,>=2.21.0->OctoPrint->OctoPrint-SystemCommandEditor==0.3.3) (1.25.6)
2019-09-28 12:14:11,526 > Requirement already satisfied: Unidecode<0.05,>=0.04.14 in /usr/lib/python2.7/site-packages (from awesome-slugify<1.7,>=1.6.5->OctoPrint->OctoPrint-SystemCommandEditor==0.3.3) (0.4.19)
2019-09-28 12:14:11,527 > Requirement already satisfied: six in /usr/lib/python2.7/site-packages (from websocket-client<0.57,>=0.56->OctoPrint->OctoPrint-SystemCommandEditor==0.3.3) (1.10.0)
2019-09-28 12:14:11,528 > Requirement already satisfied: backports.ssl_match_hostname in /usr/lib/python2.7/site-packages (from websocket-client<0.57,>=0.56->OctoPrint->OctoPrint-SystemCommandEditor==0.3.3) (3.7.0.1)
2019-09-28 12:14:11,529 > Requirement already satisfied: pytz>=0a in /usr/lib/python2.7/site-packages (from Babel>=2.3->Flask-Babel<0.13,>=0.12->OctoPrint->OctoPrint-SystemCommandEditor==0.3.3) (2016.6.1)
2019-09-28 12:14:11,529 > Installing collected packages: OctoPrint-SystemCommandEditor
2019-09-28 12:14:11,530 > Found existing installation: OctoPrint-SystemCommandEditor 0.3.1
2019-09-28 12:14:11,531 > Not uninstalling octoprint-systemcommandeditor at /usr/lib/python2.7/site-packages, outside environment /usr/lib/octoprint
2019-09-28 12:14:11,532 > Can't uninstall 'OctoPrint-SystemCommandEditor'. No files were found to uninstall.
2019-09-28 12:14:11,533 > Running setup.py install for OctoPrint-SystemCommandEditor: started
2019-09-28 12:14:14,702 > Running setup.py install for OctoPrint-SystemCommandEditor: finished with status 'done'
2019-09-28 12:14:14,704 > Successfully installed OctoPrint-SystemCommandEditor-0.3.3
2019-09-28 12:14:15,362   /usr/lib/octoprint/bin/python2 -m pip --disable-pip-version-check install https://github.com/BillyBlaze/OctoPrint-TouchUI/archive/0.3.13.zip --no-cache-dir
2019-09-28 12:14:20,880 > Collecting https://github.com/BillyBlaze/OctoPrint-TouchUI/archive/0.3.13.zip
2019-09-28 12:14:21,887 > Downloading https://github.com/BillyBlaze/OctoPrint-TouchUI/archive/0.3.13.zip
2019-09-28 12:14:28,770 > Requirement already satisfied: OctoPrint>=1.2.4 in /usr/lib/octoprint/lib/python2.7/site-packages (from TouchUI==0.3.13) (1.3.11)
2019-09-28 12:14:28,772 > Requirement already satisfied: flask<0.11,>=0.10.1 in /usr/lib/python2.7/site-packages (from OctoPrint>=1.2.4->TouchUI==0.3.13) (0.10.1)
2019-09-28 12:14:28,774 > Requirement already satisfied: Jinja2<2.9,>=2.8.1 in /usr/lib/octoprint/lib/python2.7/site-packages (from OctoPrint>=1.2.4->TouchUI==0.3.13) (2.8.1)
2019-09-28 12:14:28,777 > Requirement already satisfied: tornado==4.5.3 in /usr/lib/octoprint/lib/python2.7/site-packages (from OctoPrint>=1.2.4->TouchUI==0.3.13) (4.5.3)
2019-09-28 12:14:28,778 > Requirement already satisfied: Flask-Login<0.3,>=0.2.11 in /usr/lib/python2.7/site-packages (from OctoPrint>=1.2.4->TouchUI==0.3.13) (0.2.11)
2019-09-28 12:14:28,779 > Requirement already satisfied: regex!=2018.11.6 in /usr/lib/python2.7/site-packages (from OctoPrint>=1.2.4->TouchUI==0.3.13) (2016.7.21)
2019-09-28 12:14:28,779 > Requirement already satisfied: Flask-Principal<0.5,>=0.4 in /usr/lib/octoprint/lib/python2.7/site-packages (from OctoPrint>=1.2.4->TouchUI==0.3.13) (0.4.0)
2019-09-28 12:14:28,780 > Requirement already satisfied: Flask-Babel<0.13,>=0.12 in /usr/lib/octoprint/lib/python2.7/site-packages (from OctoPrint>=1.2.4->TouchUI==0.3.13) (0.12.2)
2019-09-28 12:14:28,781 > Requirement already satisfied: Flask-Assets<0.13,>=0.12 in /usr/lib/octoprint/lib/python2.7/site-packages (from OctoPrint>=1.2.4->TouchUI==0.3.13) (0.12)
2019-09-28 12:14:28,782 > Requirement already satisfied: werkzeug<0.16,>=0.15.1 in /usr/lib/octoprint/lib/python2.7/site-packages (from OctoPrint>=1.2.4->TouchUI==0.3.13) (0.15.6)
2019-09-28 12:14:28,783 > Requirement already satisfied: cachelib<0.2,>=0.1 in /usr/lib/octoprint/lib/python2.7/site-packages (from OctoPrint>=1.2.4->TouchUI==0.3.13) (0.1)
2019-09-28 12:14:28,783 > Requirement already satisfied: PyYAML<6,>=5.1 in /usr/lib/octoprint/lib/python2.7/site-packages (from OctoPrint>=1.2.4->TouchUI==0.3.13) (5.1.2)
2019-09-28 12:14:28,784 > Requirement already satisfied: markdown<3.1,>=3.0 in /usr/lib/octoprint/lib/python2.7/site-packages (from OctoPrint>=1.2.4->TouchUI==0.3.13) (3.0.1)
2019-09-28 12:14:28,785 > Requirement already satisfied: pyserial<3.5,>=3.4 in /usr/lib/octoprint/lib/python2.7/site-packages (from OctoPrint>=1.2.4->TouchUI==0.3.13) (3.4)
2019-09-28 12:14:28,786 > Requirement already satisfied: netaddr<0.8,>=0.7.19 in /usr/lib/octoprint/lib/python2.7/site-packages (from OctoPrint>=1.2.4->TouchUI==0.3.13) (0.7.19)
2019-09-28 12:14:28,787 > Requirement already satisfied: watchdog<0.10,>=0.9.0 in /usr/lib/octoprint/lib/python2.7/site-packages (from OctoPrint>=1.2.4->TouchUI==0.3.13) (0.9.0)
2019-09-28 12:14:28,788 > Requirement already satisfied: sarge==0.1.5post0 in /usr/lib/octoprint/lib/python2.7/site-packages (from OctoPrint>=1.2.4->TouchUI==0.3.13) (0.1.5.post0)
2019-09-28 12:14:28,789 > Requirement already satisfied: netifaces<0.11,>=0.10.9 in /usr/lib/python2.7/site-packages (from OctoPrint>=1.2.4->TouchUI==0.3.13) (0.10.9)
2019-09-28 12:14:28,790 > Requirement already satisfied: pylru<1.3,>=1.2 in /usr/lib/octoprint/lib/python2.7/site-packages (from OctoPrint>=1.2.4->TouchUI==0.3.13) (1.2.0)
2019-09-28 12:14:28,790 > Requirement already satisfied: rsa<5,>=4.0 in /usr/lib/octoprint/lib/python2.7/site-packages (from OctoPrint>=1.2.4->TouchUI==0.3.13) (4.0)
2019-09-28 12:14:28,791 > Requirement already satisfied: pkginfo<1.6,>=1.5.0.1 in /usr/lib/octoprint/lib/python2.7/site-packages (from OctoPrint>=1.2.4->TouchUI==0.3.13) (1.5.0.1)
2019-09-28 12:14:28,792 > Requirement already satisfied: requests<3,>=2.21.0 in /usr/lib/octoprint/lib/python2.7/site-packages (from OctoPrint>=1.2.4->TouchUI==0.3.13) (2.22.0)
2019-09-28 12:14:28,793 > Requirement already satisfied: semantic_version<2.7,>=2.6 in /usr/lib/octoprint/lib/python2.7/site-packages (from OctoPrint>=1.2.4->TouchUI==0.3.13) (2.6.0)
2019-09-28 12:14:28,794 > Requirement already satisfied: psutil<5.7,>=5.6.1 in /usr/lib/octoprint/lib/python2.7/site-packages (from OctoPrint>=1.2.4->TouchUI==0.3.13) (5.6.3)
2019-09-28 12:14:28,794 > Requirement already satisfied: Click<8,>=7 in /usr/lib/octoprint/lib/python2.7/site-packages (from OctoPrint>=1.2.4->TouchUI==0.3.13) (7.0)
2019-09-28 12:14:28,795 > Requirement already satisfied: awesome-slugify<1.7,>=1.6.5 in /usr/lib/python2.7/site-packages (from OctoPrint>=1.2.4->TouchUI==0.3.13) (1.6.5)
2019-09-28 12:14:28,796 > Requirement already satisfied: feedparser<5.3,>=5.2.1 in /usr/lib/python2.7/site-packages (from OctoPrint>=1.2.4->TouchUI==0.3.13) (5.2.1)
2019-09-28 12:14:28,797 > Requirement already satisfied: chainmap<1.1,>=1.0.3 in /usr/lib/octoprint/lib/python2.7/site-packages (from OctoPrint>=1.2.4->TouchUI==0.3.13) (1.0.3)
2019-09-28 12:14:28,798 > Requirement already satisfied: future<0.18,>=0.17.1 in /usr/lib/octoprint/lib/python2.7/site-packages (from OctoPrint>=1.2.4->TouchUI==0.3.13) (0.17.1)
2019-09-28 12:14:28,799 > Requirement already satisfied: scandir<1.11,>=1.10 in /usr/lib/octoprint/lib/python2.7/site-packages (from OctoPrint>=1.2.4->TouchUI==0.3.13) (1.10.0)
2019-09-28 12:14:28,799 > Requirement already satisfied: websocket-client<0.57,>=0.56 in /usr/lib/octoprint/lib/python2.7/site-packages (from OctoPrint>=1.2.4->TouchUI==0.3.13) (0.56.0)
2019-09-28 12:14:28,800 > Requirement already satisfied: wrapt<1.12,>=1.11.1 in /usr/lib/octoprint/lib/python2.7/site-packages (from OctoPrint>=1.2.4->TouchUI==0.3.13) (1.11.2)
2019-09-28 12:14:28,801 > Requirement already satisfied: futures<3.3,>=3.2 in /usr/lib/octoprint/lib/python2.7/site-packages (from OctoPrint>=1.2.4->TouchUI==0.3.13) (3.2.0)
2019-09-28 12:14:28,802 > Requirement already satisfied: emoji<0.6,>=0.5.1 in /usr/lib/octoprint/lib/python2.7/site-packages (from OctoPrint>=1.2.4->TouchUI==0.3.13) (0.5.4)
2019-09-28 12:14:28,803 > Requirement already satisfied: monotonic<1.6,>=1.5 in /usr/lib/octoprint/lib/python2.7/site-packages (from OctoPrint>=1.2.4->TouchUI==0.3.13) (1.5)
2019-09-28 12:14:28,804 > Requirement already satisfied: frozendict<1.3,>=1.2 in /usr/lib/python2.7/site-packages (from OctoPrint>=1.2.4->TouchUI==0.3.13) (1.2)
2019-09-28 12:14:28,805 > Requirement already satisfied: sentry-sdk==0.7.7 in /usr/lib/octoprint/lib/python2.7/site-packages (from OctoPrint>=1.2.4->TouchUI==0.3.13) (0.7.7)
2019-09-28 12:14:28,805 > Requirement already satisfied: typing<4,>=3.6.6 in /usr/lib/octoprint/lib/python2.7/site-packages (from OctoPrint>=1.2.4->TouchUI==0.3.13) (3.7.4.1)
2019-09-28 12:14:28,806 > Requirement already satisfied: itsdangerous>=0.21 in /usr/lib/python2.7/site-packages (from flask<0.11,>=0.10.1->OctoPrint>=1.2.4->TouchUI==0.3.13) (0.24)
2019-09-28 12:14:28,807 > Requirement already satisfied: MarkupSafe in /usr/lib/python2.7/site-packages (from Jinja2<2.9,>=2.8.1->OctoPrint>=1.2.4->TouchUI==0.3.13) (0.23)
2019-09-28 12:14:28,808 > Requirement already satisfied: singledispatch in /usr/lib/python2.7/site-packages (from tornado==4.5.3->OctoPrint>=1.2.4->TouchUI==0.3.13) (3.4.0.3)
2019-09-28 12:14:28,809 > Requirement already satisfied: certifi in /usr/lib/python2.7/site-packages (from tornado==4.5.3->OctoPrint>=1.2.4->TouchUI==0.3.13) (2019.6.16)
2019-09-28 12:14:28,809 > Requirement already satisfied: backports_abc>=0.4 in /usr/lib/python2.7/site-packages (from tornado==4.5.3->OctoPrint>=1.2.4->TouchUI==0.3.13) (0.4)
2019-09-28 12:14:28,810 > Requirement already satisfied: blinker in /usr/lib/python2.7/site-packages (from Flask-Principal<0.5,>=0.4->OctoPrint>=1.2.4->TouchUI==0.3.13) (1.4)
2019-09-28 12:14:28,811 > Requirement already satisfied: Babel>=2.3 in /usr/lib/python2.7/site-packages (from Flask-Babel<0.13,>=0.12->OctoPrint>=1.2.4->TouchUI==0.3.13) (2.3.4)
2019-09-28 12:14:28,812 > Requirement already satisfied: webassets>=0.11.1 in /usr/lib/python2.7/site-packages (from Flask-Assets<0.13,>=0.12->OctoPrint>=1.2.4->TouchUI==0.3.13) (0.11.1)
2019-09-28 12:14:28,813 > Requirement already satisfied: argh>=0.24.1 in /usr/lib/python2.7/site-packages (from watchdog<0.10,>=0.9.0->OctoPrint>=1.2.4->TouchUI==0.3.13) (0.26.2)
2019-09-28 12:14:28,813 > Requirement already satisfied: pathtools>=0.1.1 in /usr/lib/python2.7/site-packages (from watchdog<0.10,>=0.9.0->OctoPrint>=1.2.4->TouchUI==0.3.13) (0.1.2)
2019-09-28 12:14:28,814 > Requirement already satisfied: pyasn1>=0.1.3 in /usr/lib/python2.7/site-packages (from rsa<5,>=4.0->OctoPrint>=1.2.4->TouchUI==0.3.13) (0.1.9)
2019-09-28 12:14:28,815 > Requirement already satisfied: chardet<3.1.0,>=3.0.2 in /usr/lib/octoprint/lib/python2.7/site-packages (from requests<3,>=2.21.0->OctoPrint>=1.2.4->TouchUI==0.3.13) (3.0.4)
2019-09-28 12:14:28,816 > Requirement already satisfied: idna<2.9,>=2.5 in /usr/lib/python2.7/site-packages (from requests<3,>=2.21.0->OctoPrint>=1.2.4->TouchUI==0.3.13) (2.8)
2019-09-28 12:14:28,817 > Requirement already satisfied: urllib3!=1.25.0,!=1.25.1,<1.26,>=1.21.1 in /usr/lib/octoprint/lib/python2.7/site-packages (from requests<3,>=2.21.0->OctoPrint>=1.2.4->TouchUI==0.3.13) (1.25.6)
2019-09-28 12:14:28,817 > Requirement already satisfied: Unidecode<0.05,>=0.04.14 in /usr/lib/python2.7/site-packages (from awesome-slugify<1.7,>=1.6.5->OctoPrint>=1.2.4->TouchUI==0.3.13) (0.4.19)
2019-09-28 12:14:28,818 > Requirement already satisfied: six in /usr/lib/python2.7/site-packages (from websocket-client<0.57,>=0.56->OctoPrint>=1.2.4->TouchUI==0.3.13) (1.10.0)
2019-09-28 12:14:28,819 > Requirement already satisfied: backports.ssl_match_hostname in /usr/lib/python2.7/site-packages (from websocket-client<0.57,>=0.56->OctoPrint>=1.2.4->TouchUI==0.3.13) (3.7.0.1)
2019-09-28 12:14:28,820 > Requirement already satisfied: pytz>=0a in /usr/lib/python2.7/site-packages (from Babel>=2.3->Flask-Babel<0.13,>=0.12->OctoPrint>=1.2.4->TouchUI==0.3.13) (2016.6.1)
2019-09-28 12:14:28,821 > Installing collected packages: TouchUI
2019-09-28 12:14:28,822 > Found existing installation: TouchUI 0.3.4
2019-09-28 12:14:28,822 > Not uninstalling touchui at /usr/lib/python2.7/site-packages, outside environment /usr/lib/octoprint
2019-09-28 12:14:28,823 > Can't uninstall 'TouchUI'. No files were found to uninstall.
2019-09-28 12:14:28,824 > Running setup.py install for TouchUI: started
2019-09-28 12:14:32,309 > Running setup.py install for TouchUI: finished with status 'done'
2019-09-28 12:14:32,311 > Successfully installed TouchUI-0.3.13
